~*~ 2019-3-29 08:00:04 - 1553860804143 (p2p-backend) [i] Skipping publish because no connections to peers
~*~ 2019-3-29 08:00:04 - 1553860804145 (p2p-backend) [i] Skipping publish because no connections to peers
~*~ 2019-3-29 08:00:09 - 1553860809261 (p2p-backend) [i] Skipping publish because no connections to peers
~*~ 2019-3-29 08:00:15 - 1553860815099 (p2p-backend) [i] Skipping publish because no connections to peers
~*~ 2019-3-29 08:00:18 - 1553860818178 (p2p-backend) [i] Skipping publish because no connections to peers
~*~ 2019-3-29 08:00:21 - 1553860821747 (p2p-backend) [i] Skipping publish because no connections to peers
~*~ 2019-3-29 08:00:23 - 1553860823320 (p2p-backend) [i] Skipping publish because no connections to peers
~*~ 2019-3-29 08:00:27 - 1553860827331 (p2p-backend) [i] Skipping publish because no connections to peers
~*~ 2019-3-29 08:00:28 - 1553860828337 (p2p-backend) [i] Skipping publish because no connections to peers
~*~ 2019-3-29 08:00:32 - 1553860832351 (p2p-backend) [i] Skipping publish because no connections to peers
~*~ 2019-3-29 08:00:33 - 1553860833359 (p2p-backend) [i] Skipping publish because no connections to peers
~*~ 2019-3-29 08:00:37 - 1553860837376 (p2p-backend) [i] Skipping publish because no connections to peers
~*~ 2019-3-29 08:00:43 - 1553860843591 (p2p-backend) [i] Skipping publish because no connections to peers
~*~ 2019-3-29 08:00:47 - 1553860847610 (p2p-backend) [i] Skipping publish because no connections to peers
~*~ 2019-3-29 08:00:48 - 1553860848613 (p2p-backend) [i] Skipping publish because no connections to peers
~*~ 2019-3-29 08:00:52 - 1553860852624 (p2p-backend) [i] Skipping publish because no connections to peers
~*~ 2019-3-29 08:00:53 - 1553860853626 (p2p-backend) [i] Skipping publish because no connections to peers
~*~ 2019-3-29 08:00:57 - 1553860857646 (p2p-backend) [i] Skipping publish because no connections to peers
~*~ 2019-3-29 08:01:03 - 1553860863676 (p2p-backend) [i] Skipping publish because no connections to peers
~*~ 2019-3-29 08:01:07 - 1553860867696 (p2p-backend) [i] Skipping publish because no connections to peers
~*~ 2019-3-29 08:01:08 - 1553860868700 (p2p-backend) [i] Skipping publish because no connections to peers
~*~ 2019-3-29 08:01:12 - 1553860872907 (p2p-backend) [i] Skipping publish because no connections to peers
~*~ 2019-3-29 08:01:13 - 1553860873909 (p2p-backend) [i] Skipping publish because no connections to peers
~*~ 2019-3-29 08:01:17 - 1553860877942 (p2p-backend) [i] Skipping publish because no connections to peers
~*~ 2019-3-29 08:01:23 - 1553860883956 (p2p-backend) [i] Skipping publish because no connections to peers
~*~ 2019-3-29 08:01:27 - 1553860887970 (p2p-backend) [i] Skipping publish because no connections to peers
~*~ 2019-3-29 08:01:28 - 1553860888974 (p2p-backend) [i] Skipping publish because no connections to peers
~*~ 2019-3-29 08:01:31 - 1553860891639 (n3h-bin) [i] n3h exited cleanly
~*~ 2019-3-29 08:04:45 - 1553861085892 (n3h-bin) [w] attempting read stdin
~*~ 2019-3-29 08:04:45 - 1553861085897 (n3h-bin) [w] got stdin config!
{"webproxy":{"connection":{"rsaBits":1024,"bind":["wss://0.0.0.0:5555/"]},"wssAdvertise":"wss://192.168.0.17:5555/","wssRelayPeers":null}}
~*~ 2019-3-29 08:04:45 - 1553861085898 (n3h-bin) [i] executing mode HACK
~*~ 2019-3-29 08:04:46 - 1553861086049 (p2p-backend) [i] generating transport id seed from wssAdvertise hash
~*~ 2019-3-29 08:04:46 - 1553861086064 (p2p-backend) [i] peerId:
HcSCiIR8nx5m73Md5rAvHwsWYP9wvyzeg6Fr6yV3IsUR8d9zFnU9gyrrbd87pqz
~*~ 2019-3-29 08:04:46 - 1553861086113 (wss-server-utils) [i] loaded rsa fingerprint
7Tn89L0me1xWPuuYiOxVOZvgwV0=
~*~ 2019-3-29 08:04:46 - 1553861086130 (wss-connection) [i] listening at wss://169.254.58.63:5555/
~*~ 2019-3-29 08:04:46 - 1553861086132 (@hackmode@) [i] p2p bound
wss://192.168.0.17:5555/?a=HcSCiIR8nx5m73Md5rAvHwsWYP9wvyzeg6Fr6yV3IsUR8d9zFnU9gyrrbd87pqz
~*~ 2019-3-29 08:04:46 - 1553861086042 (wss-connection) [i] listening at wss://127.0.0.1:59232/
~*~ 2019-3-29 08:04:45 - 1553861085902 (*n3hMode*) [i] @@ CONFIG @@
{
  "ipc": {
    "connection": {
      "rsaBits": 1024,
      "bind": [
        "wss://127.0.0.1:0/"
      ]
    }
  },
  "webproxy": {
    "connection": {
      "rsaBits": 1024,
      "bind": [
        "wss://0.0.0.0:5555/"
      ]
    },
    "wssAdvertise": "wss://192.168.0.17:5555/",
    "wssRelayPeers": null
  }
}
~*~ 2019-3-29 08:04:45 - 1553861085992 (wss-server-utils) [i] loaded rsa fingerprint
7Tn89L0me1xWPuuYiOxVOZvgwV0=
~*~ 2019-3-29 08:07:30 - 1553861250650 (p2p-backend) [i] Skipping publish because no connections to peers
~*~ 2019-3-29 08:07:30 - 1553861250651 (p2p-backend) [i] Skipping publish because no connections to peers
~*~ 2019-3-29 08:07:35 - 1553861255821 (p2p-backend) [i] Skipping publish because no connections to peers
~*~ 2019-3-29 08:07:35 - 1553861255822 (p2p-backend) [i] Skipping publish because no connections to peers
~*~ 2019-3-29 08:07:35 - 1553861255822 (p2p-backend) [i] Skipping publish because no connections to peers
~*~ 2019-3-29 08:07:41 - 1553861261407 (p2p-backend) [i] Skipping publish because no connections to peers
~*~ 2019-3-29 08:07:41 - 1553861261407 (p2p-backend) [i] Skipping publish because no connections to peers
~*~ 2019-3-29 08:07:41 - 1553861261408 (p2p-backend) [i] Skipping publish because no connections to peers
~*~ 2019-3-29 08:07:48 - 1553861268628 (p2p-backend) [i] Skipping publish because no connections to peers
~*~ 2019-3-29 08:07:48 - 1553861268628 (p2p-backend) [i] Skipping publish because no connections to peers
~*~ 2019-3-29 08:07:54 - 1553861274225 (p2p-backend) [i] Skipping publish because no connections to peers
~*~ 2019-3-29 08:07:54 - 1553861274225 (p2p-backend) [i] Skipping publish because no connections to peers
~*~ 2019-3-29 08:07:56 - 1553861276043 (n3h-bin) [i] n3h exited cleanly
~*~ 2019-3-29 08:09:13 - 1553861353948 (n3h-bin) [w] attempting read stdin
~*~ 2019-3-29 08:09:13 - 1553861353954 (n3h-bin) [w] got stdin config!
{"webproxy":{"connection":{"rsaBits":1024,"bind":["wss://0.0.0.0:5555/"]},"wssAdvertise":"wss://192.168.0.17:5555/","wssRelayPeers":null}}
~*~ 2019-3-29 08:09:13 - 1553861353955 (n3h-bin) [i] executing mode HACK
~*~ 2019-3-29 08:09:13 - 1553861353958 (*n3hMode*) [i] @@ CONFIG @@
{
  "ipc": {
    "connection": {
      "rsaBits": 1024,
      "bind": [
        "wss://127.0.0.1:0/"
      ]
    }
  },
  "webproxy": {
    "connection": {
      "rsaBits": 1024,
      "bind": [
        "wss://0.0.0.0:5555/"
      ]
    },
    "wssAdvertise": "wss://192.168.0.17:5555/",
    "wssRelayPeers": null
  }
}
~*~ 2019-3-29 08:09:14 - 1553861354076 (wss-server-utils) [i] loaded rsa fingerprint
7Tn89L0me1xWPuuYiOxVOZvgwV0=
~*~ 2019-3-29 08:09:14 - 1553861354113 (wss-connection) [i] listening at wss://127.0.0.1:59732/
~*~ 2019-3-29 08:09:14 - 1553861354135 (p2p-backend) [i] generating transport id seed from wssAdvertise hash
~*~ 2019-3-29 08:09:14 - 1553861354143 (p2p-backend) [i] peerId:
HcSCiIR8nx5m73Md5rAvHwsWYP9wvyzeg6Fr6yV3IsUR8d9zFnU9gyrrbd87pqz
~*~ 2019-3-29 08:09:14 - 1553861354248 (wss-server-utils) [i] loaded rsa fingerprint
7Tn89L0me1xWPuuYiOxVOZvgwV0=
~*~ 2019-3-29 08:09:14 - 1553861354266 (wss-connection) [i] listening at wss://169.254.58.63:5555/
~*~ 2019-3-29 08:09:14 - 1553861354269 (@hackmode@) [i] p2p bound
wss://192.168.0.17:5555/?a=HcSCiIR8nx5m73Md5rAvHwsWYP9wvyzeg6Fr6yV3IsUR8d9zFnU9gyrrbd87pqz
~*~ 2019-3-29 08:09:45 - 1553861385825 (p2p-backend) [i] Skipping publish because no connections to peers
~*~ 2019-3-29 08:09:45 - 1553861385825 (p2p-backend) [i] Skipping publish because no connections to peers
~*~ 2019-3-29 08:09:52 - 1553861392510 (p2p-backend) [i] Skipping publish because no connections to peers
~*~ 2019-3-29 08:09:52 - 1553861392511 (p2p-backend) [i] Skipping publish because no connections to peers
~*~ 2019-3-29 08:09:52 - 1553861392511 (p2p-backend) [i] Skipping publish because no connections to peers
~*~ 2019-3-29 08:10:00 - 1553861400292 (p2p-backend) [i] Skipping publish because no connections to peers
~*~ 2019-3-29 08:10:00 - 1553861400292 (p2p-backend) [i] Skipping publish because no connections to peers
~*~ 2019-3-29 08:10:00 - 1553861400292 (p2p-backend) [i] Skipping publish because no connections to peers
~*~ 2019-3-29 08:10:07 - 1553861407527 (p2p-backend) [i] Skipping publish because no connections to peers
~*~ 2019-3-29 08:10:07 - 1553861407528 (p2p-backend) [i] Skipping publish because no connections to peers
~*~ 2019-3-29 08:10:12 - 1553861412577 (p2p-backend) [i] Skipping publish because no connections to peers
~*~ 2019-3-29 08:10:12 - 1553861412577 (p2p-backend) [i] Skipping publish because no connections to peers
~*~ 2019-3-29 08:10:18 - 1553861418394 (p2p-backend) [i] Skipping publish because no connections to peers
~*~ 2019-3-29 08:10:18 - 1553861418394 (p2p-backend) [i] Skipping publish because no connections to peers
~*~ 2019-3-29 08:10:25 - 1553861425026 (p2p-backend) [i] Skipping publish because no connections to peers
~*~ 2019-3-29 08:10:25 - 1553861425026 (p2p-backend) [i] Skipping publish because no connections to peers
~*~ 2019-3-29 08:10:25 - 1553861425027 (p2p-backend) [i] Skipping publish because no connections to peers
~*~ 2019-3-29 08:10:27 - 1553861427728 (n3h-bin) [i] n3h exited cleanly
~*~ 2019-3-29 08:10:37 - 1553861437070 (n3h-bin) [w] attempting read stdin
~*~ 2019-3-29 08:10:37 - 1553861437078 (n3h-bin) [w] got stdin config!
{"webproxy":{"connection":{"rsaBits":1024,"bind":["wss://0.0.0.0:5555/"]},"wssAdvertise":"wss://192.168.0.17:5555/","wssRelayPeers":null}}
~*~ 2019-3-29 08:10:37 - 1553861437078 (n3h-bin) [i] executing mode HACK
~*~ 2019-3-29 08:10:37 - 1553861437081 (*n3hMode*) [i] @@ CONFIG @@
{
  "ipc": {
    "connection": {
      "rsaBits": 1024,
      "bind": [
        "wss://127.0.0.1:0/"
      ]
    }
  },
  "webproxy": {
    "connection": {
      "rsaBits": 1024,
      "bind": [
        "wss://0.0.0.0:5555/"
      ]
    },
    "wssAdvertise": "wss://192.168.0.17:5555/",
    "wssRelayPeers": null
  }
}
~*~ 2019-3-29 08:10:37 - 1553861437169 (wss-server-utils) [i] loaded rsa fingerprint
7Tn89L0me1xWPuuYiOxVOZvgwV0=
~*~ 2019-3-29 08:10:37 - 1553861437222 (wss-connection) [i] listening at wss://127.0.0.1:59884/
~*~ 2019-3-29 08:10:37 - 1553861437224 (p2p-backend) [i] generating transport id seed from wssAdvertise hash
~*~ 2019-3-29 08:10:37 - 1553861437228 (p2p-backend) [i] peerId:
HcSCiIR8nx5m73Md5rAvHwsWYP9wvyzeg6Fr6yV3IsUR8d9zFnU9gyrrbd87pqz
~*~ 2019-3-29 08:10:37 - 1553861437336 (wss-server-utils) [i] loaded rsa fingerprint
7Tn89L0me1xWPuuYiOxVOZvgwV0=
~*~ 2019-3-29 08:10:37 - 1553861437340 (wss-connection) [i] listening at wss://169.254.58.63:5555/
~*~ 2019-3-29 08:10:37 - 1553861437343 (@hackmode@) [i] p2p bound
wss://192.168.0.17:5555/?a=HcSCiIR8nx5m73Md5rAvHwsWYP9wvyzeg6Fr6yV3IsUR8d9zFnU9gyrrbd87pqz
~*~ 2019-3-29 08:11:17 - 1553861477883 (p2p-backend) [i] Skipping publish because no connections to peers
~*~ 2019-3-29 08:11:17 - 1553861477884 (p2p-backend) [i] Skipping publish because no connections to peers
~*~ 2019-3-29 08:11:24 - 1553861484129 (p2p-backend) [i] Skipping publish because no connections to peers
~*~ 2019-3-29 08:11:24 - 1553861484129 (p2p-backend) [i] Skipping publish because no connections to peers
~*~ 2019-3-29 08:11:24 - 1553861484129 (p2p-backend) [i] Skipping publish because no connections to peers
~*~ 2019-3-29 08:11:32 - 1553861492157 (p2p-backend) [i] Skipping publish because no connections to peers
~*~ 2019-3-29 08:11:32 - 1553861492158 (p2p-backend) [i] Skipping publish because no connections to peers
~*~ 2019-3-29 08:11:32 - 1553861492158 (p2p-backend) [i] Skipping publish because no connections to peers
~*~ 2019-3-29 08:11:39 - 1553861499540 (p2p-backend) [i] Skipping publish because no connections to peers
~*~ 2019-3-29 08:11:39 - 1553861499541 (p2p-backend) [i] Skipping publish because no connections to peers
~*~ 2019-3-29 08:11:39 - 1553861499541 (p2p-backend) [i] Skipping publish because no connections to peers
~*~ 2019-3-29 08:11:46 - 1553861506725 (p2p-backend) [i] Skipping publish because no connections to peers
~*~ 2019-3-29 08:11:46 - 1553861506725 (p2p-backend) [i] Skipping publish because no connections to peers
~*~ 2019-3-29 08:11:52 - 1553861512247 (p2p-backend) [i] Skipping publish because no connections to peers
~*~ 2019-3-29 08:11:52 - 1553861512247 (p2p-backend) [i] Skipping publish because no connections to peers
~*~ 2019-3-29 08:11:57 - 1553861517534 (p2p-backend) [i] Skipping publish because no connections to peers
~*~ 2019-3-29 08:11:57 - 1553861517534 (p2p-backend) [i] Skipping publish because no connections to peers
~*~ 2019-3-29 08:12:04 - 1553861524290 (p2p-backend) [i] Skipping publish because no connections to peers
~*~ 2019-3-29 08:12:04 - 1553861524290 (p2p-backend) [i] Skipping publish because no connections to peers
~*~ 2019-3-29 08:12:04 - 1553861524290 (p2p-backend) [i] Skipping publish because no connections to peers
~*~ 2019-3-29 08:12:11 - 1553861531987 (p2p-backend) [i] Skipping publish because no connections to peers
~*~ 2019-3-29 08:12:11 - 1553861531988 (p2p-backend) [i] Skipping publish because no connections to peers
~*~ 2019-3-29 08:12:11 - 1553861531988 (p2p-backend) [i] Skipping publish because no connections to peers
~*~ 2019-3-29 08:12:19 - 1553861539225 (p2p-backend) [i] Skipping publish because no connections to peers
~*~ 2019-3-29 08:12:19 - 1553861539225 (p2p-backend) [i] Skipping publish because no connections to peers
~*~ 2019-3-29 08:12:24 - 1553861544375 (p2p-backend) [i] Skipping publish because no connections to peers
~*~ 2019-3-29 08:12:24 - 1553861544376 (p2p-backend) [i] Skipping publish because no connections to peers
~*~ 2019-3-29 08:12:29 - 1553861549980 (p2p-backend) [i] Skipping publish because no connections to peers
~*~ 2019-3-29 08:12:29 - 1553861549980 (p2p-backend) [i] Skipping publish because no connections to peers
~*~ 2019-3-29 08:12:36 - 1553861556430 (p2p-backend) [i] Skipping publish because no connections to peers
~*~ 2019-3-29 08:12:36 - 1553861556430 (p2p-backend) [i] Skipping publish because no connections to peers
~*~ 2019-3-29 08:12:36 - 1553861556430 (p2p-backend) [i] Skipping publish because no connections to peers
~*~ 2019-3-29 08:12:44 - 1553861564348 (p2p-backend) [i] Skipping publish because no connections to peers
~*~ 2019-3-29 08:12:44 - 1553861564348 (p2p-backend) [i] Skipping publish because no connections to peers
~*~ 2019-3-29 08:12:44 - 1553861564348 (p2p-backend) [i] Skipping publish because no connections to peers
~*~ 2019-3-29 08:12:51 - 1553861571620 (p2p-backend) [i] Skipping publish because no connections to peers
~*~ 2019-3-29 08:12:51 - 1553861571620 (p2p-backend) [i] Skipping publish because no connections to peers
~*~ 2019-3-29 08:12:51 - 1553861571620 (p2p-backend) [i] Skipping publish because no connections to peers
~*~ 2019-3-29 08:12:58 - 1553861578873 (p2p-backend) [i] Skipping publish because no connections to peers
~*~ 2019-3-29 08:12:58 - 1553861578874 (p2p-backend) [i] Skipping publish because no connections to peers
~*~ 2019-3-29 08:13:04 - 1553861584554 (p2p-backend) [i] Skipping publish because no connections to peers
~*~ 2019-3-29 08:13:04 - 1553861584555 (p2p-backend) [i] Skipping publish because no connections to peers
~*~ 2019-3-29 08:13:09 - 1553861589713 (p2p-backend) [i] Skipping publish because no connections to peers
~*~ 2019-3-29 08:13:09 - 1553861589713 (p2p-backend) [i] Skipping publish because no connections to peers
~*~ 2019-3-29 08:13:16 - 1553861596599 (p2p-backend) [i] Skipping publish because no connections to peers
~*~ 2019-3-29 08:13:16 - 1553861596600 (p2p-backend) [i] Skipping publish because no connections to peers
~*~ 2019-3-29 08:13:16 - 1553861596600 (p2p-backend) [i] Skipping publish because no connections to peers
~*~ 2019-3-29 08:13:24 - 1553861604089 (p2p-backend) [i] Skipping publish because no connections to peers
~*~ 2019-3-29 08:13:24 - 1553861604089 (p2p-backend) [i] Skipping publish because no connections to peers
~*~ 2019-3-29 08:13:24 - 1553861604089 (p2p-backend) [i] Skipping publish because no connections to peers
~*~ 2019-3-29 08:13:31 - 1553861611352 (p2p-backend) [i] Skipping publish because no connections to peers
~*~ 2019-3-29 08:13:31 - 1553861611352 (p2p-backend) [i] Skipping publish because no connections to peers
~*~ 2019-3-29 08:13:36 - 1553861616673 (p2p-backend) [i] Skipping publish because no connections to peers
~*~ 2019-3-29 08:13:36 - 1553861616673 (p2p-backend) [i] Skipping publish because no connections to peers
~*~ 2019-3-29 08:13:42 - 1553861622227 (p2p-backend) [i] Skipping publish because no connections to peers
~*~ 2019-3-29 08:13:42 - 1553861622227 (p2p-backend) [i] Skipping publish because no connections to peers
~*~ 2019-3-29 08:13:48 - 1553861628728 (p2p-backend) [i] Skipping publish because no connections to peers
~*~ 2019-3-29 08:13:48 - 1553861628728 (p2p-backend) [i] Skipping publish because no connections to peers
~*~ 2019-3-29 08:13:48 - 1553861628729 (p2p-backend) [i] Skipping publish because no connections to peers
~*~ 2019-3-29 08:13:56 - 1553861636663 (p2p-backend) [i] Skipping publish because no connections to peers
~*~ 2019-3-29 08:13:56 - 1553861636663 (p2p-backend) [i] Skipping publish because no connections to peers
~*~ 2019-3-29 08:13:56 - 1553861636663 (p2p-backend) [i] Skipping publish because no connections to peers
~*~ 2019-3-29 08:14:03 - 1553861643889 (p2p-backend) [i] Skipping publish because no connections to peers
~*~ 2019-3-29 08:14:03 - 1553861643891 (p2p-backend) [i] Skipping publish because no connections to peers
~*~ 2019-3-29 08:14:03 - 1553861643891 (p2p-backend) [i] Skipping publish because no connections to peers
~*~ 2019-3-29 08:14:11 - 1553861651061 (p2p-backend) [i] Skipping publish because no connections to peers
~*~ 2019-3-29 08:14:11 - 1553861651061 (p2p-backend) [i] Skipping publish because no connections to peers
~*~ 2019-3-29 08:14:16 - 1553861656846 (p2p-backend) [i] Skipping publish because no connections to peers
~*~ 2019-3-29 08:14:16 - 1553861656847 (p2p-backend) [i] Skipping publish because no connections to peers
~*~ 2019-3-29 08:14:21 - 1553861661863 (p2p-backend) [i] Skipping publish because no connections to peers
~*~ 2019-3-29 08:14:21 - 1553861661863 (p2p-backend) [i] Skipping publish because no connections to peers
~*~ 2019-3-29 08:14:28 - 1553861668888 (p2p-backend) [i] Skipping publish because no connections to peers
~*~ 2019-3-29 08:14:28 - 1553861668888 (p2p-backend) [i] Skipping publish because no connections to peers
~*~ 2019-3-29 08:14:28 - 1553861668889 (p2p-backend) [i] Skipping publish because no connections to peers
~*~ 2019-3-29 08:14:36 - 1553861676328 (p2p-backend) [i] Skipping publish because no connections to peers
~*~ 2019-3-29 08:14:36 - 1553861676328 (p2p-backend) [i] Skipping publish because no connections to peers
~*~ 2019-3-29 08:14:36 - 1553861676329 (p2p-backend) [i] Skipping publish because no connections to peers
~*~ 2019-3-29 08:14:43 - 1553861683577 (p2p-backend) [i] Skipping publish because no connections to peers
~*~ 2019-3-29 08:14:43 - 1553861683577 (p2p-backend) [i] Skipping publish because no connections to peers
~*~ 2019-3-29 08:14:48 - 1553861688968 (p2p-backend) [i] Skipping publish because no connections to peers
~*~ 2019-3-29 08:14:48 - 1553861688968 (p2p-backend) [i] Skipping publish because no connections to peers
~*~ 2019-3-29 08:14:54 - 1553861694429 (p2p-backend) [i] Skipping publish because no connections to peers
~*~ 2019-3-29 08:14:54 - 1553861694429 (p2p-backend) [i] Skipping publish because no connections to peers
~*~ 2019-3-29 08:15:01 - 1553861701011 (p2p-backend) [i] Skipping publish because no connections to peers
~*~ 2019-3-29 08:15:01 - 1553861701011 (p2p-backend) [i] Skipping publish because no connections to peers
~*~ 2019-3-29 08:15:01 - 1553861701012 (p2p-backend) [i] Skipping publish because no connections to peers
~*~ 2019-3-29 08:15:08 - 1553861708854 (p2p-backend) [i] Skipping publish because no connections to peers
~*~ 2019-3-29 08:15:08 - 1553861708854 (p2p-backend) [i] Skipping publish because no connections to peers
~*~ 2019-3-29 08:15:08 - 1553861708854 (p2p-backend) [i] Skipping publish because no connections to peers
~*~ 2019-3-29 08:15:16 - 1553861716222 (p2p-backend) [i] Skipping publish because no connections to peers
~*~ 2019-3-29 08:15:16 - 1553861716223 (p2p-backend) [i] Skipping publish because no connections to peers
~*~ 2019-3-29 08:15:21 - 1553861721425 (p2p-backend) [i] Skipping publish because no connections to peers
~*~ 2019-3-29 08:15:21 - 1553861721426 (p2p-backend) [i] Skipping publish because no connections to peers
~*~ 2019-3-29 08:15:26 - 1553861726856 (p2p-backend) [i] Skipping publish because no connections to peers
~*~ 2019-3-29 08:15:26 - 1553861726857 (p2p-backend) [i] Skipping publish because no connections to peers
~*~ 2019-3-29 08:15:33 - 1553861733470 (p2p-backend) [i] Skipping publish because no connections to peers
~*~ 2019-3-29 08:15:33 - 1553861733470 (p2p-backend) [i] Skipping publish because no connections to peers
~*~ 2019-3-29 08:15:33 - 1553861733470 (p2p-backend) [i] Skipping publish because no connections to peers
~*~ 2019-3-29 08:15:41 - 1553861741314 (p2p-backend) [i] Skipping publish because no connections to peers
~*~ 2019-3-29 08:15:41 - 1553861741315 (p2p-backend) [i] Skipping publish because no connections to peers
~*~ 2019-3-29 08:15:41 - 1553861741315 (p2p-backend) [i] Skipping publish because no connections to peers
~*~ 2019-3-29 08:15:48 - 1553861748547 (p2p-backend) [i] Skipping publish because no connections to peers
~*~ 2019-3-29 08:15:48 - 1553861748548 (p2p-backend) [i] Skipping publish because no connections to peers
~*~ 2019-3-29 08:15:53 - 1553861753752 (p2p-backend) [i] Skipping publish because no connections to peers
~*~ 2019-3-29 08:15:53 - 1553861753752 (p2p-backend) [i] Skipping publish because no connections to peers
~*~ 2019-3-29 08:15:59 - 1553861759364 (p2p-backend) [i] Skipping publish because no connections to peers
~*~ 2019-3-29 08:15:59 - 1553861759364 (p2p-backend) [i] Skipping publish because no connections to peers
~*~ 2019-3-29 08:16:05 - 1553861765794 (p2p-backend) [i] Skipping publish because no connections to peers
~*~ 2019-3-29 08:16:05 - 1553861765794 (p2p-backend) [i] Skipping publish because no connections to peers
~*~ 2019-3-29 08:16:05 - 1553861765795 (p2p-backend) [i] Skipping publish because no connections to peers
~*~ 2019-3-29 08:16:13 - 1553861773677 (p2p-backend) [i] Skipping publish because no connections to peers
~*~ 2019-3-29 08:16:13 - 1553861773678 (p2p-backend) [i] Skipping publish because no connections to peers
~*~ 2019-3-29 08:16:13 - 1553861773678 (p2p-backend) [i] Skipping publish because no connections to peers
~*~ 2019-3-29 08:16:20 - 1553861780872 (p2p-backend) [i] Skipping publish because no connections to peers
~*~ 2019-3-29 08:16:20 - 1553861780872 (p2p-backend) [i] Skipping publish because no connections to peers
~*~ 2019-3-29 08:16:20 - 1553861780872 (p2p-backend) [i] Skipping publish because no connections to peers
~*~ 2019-3-29 08:16:26 - 1553861786674 (n3h-bin) [i] n3h exited cleanly
~*~ 2019-3-29 08:16:35 - 1553861795342 (n3h-bin) [w] attempting read stdin
~*~ 2019-3-29 08:16:35 - 1553861795352 (n3h-bin) [w] got stdin config!
{"webproxy":{"connection":{"rsaBits":1024,"bind":["wss://0.0.0.0:5555/"]},"wssAdvertise":"wss://192.168.0.17:5555/","wssRelayPeers":null}}
~*~ 2019-3-29 08:16:35 - 1553861795352 (n3h-bin) [i] executing mode HACK
~*~ 2019-3-29 08:16:35 - 1553861795355 (*n3hMode*) [i] @@ CONFIG @@
{
  "ipc": {
    "connection": {
      "rsaBits": 1024,
      "bind": [
        "wss://127.0.0.1:0/"
      ]
    }
  },
  "webproxy": {
    "connection": {
      "rsaBits": 1024,
      "bind": [
        "wss://0.0.0.0:5555/"
      ]
    },
    "wssAdvertise": "wss://192.168.0.17:5555/",
    "wssRelayPeers": null
  }
}
~*~ 2019-3-29 08:16:35 - 1553861795432 (wss-server-utils) [i] loaded rsa fingerprint
7Tn89L0me1xWPuuYiOxVOZvgwV0=
~*~ 2019-3-29 08:16:35 - 1553861795472 (wss-connection) [i] listening at wss://127.0.0.1:61707/
~*~ 2019-3-29 08:16:35 - 1553861795474 (p2p-backend) [i] generating transport id seed from wssAdvertise hash
~*~ 2019-3-29 08:16:35 - 1553861795486 (p2p-backend) [i] peerId:
HcSCiIR8nx5m73Md5rAvHwsWYP9wvyzeg6Fr6yV3IsUR8d9zFnU9gyrrbd87pqz
~*~ 2019-3-29 08:16:35 - 1553861795551 (wss-server-utils) [i] loaded rsa fingerprint
7Tn89L0me1xWPuuYiOxVOZvgwV0=
~*~ 2019-3-29 08:16:35 - 1553861795566 (wss-connection) [i] listening at wss://169.254.58.63:5555/
~*~ 2019-3-29 08:16:35 - 1553861795569 (@hackmode@) [i] p2p bound
wss://192.168.0.17:5555/?a=HcSCiIR8nx5m73Md5rAvHwsWYP9wvyzeg6Fr6yV3IsUR8d9zFnU9gyrrbd87pqz
~*~ 2019-3-29 08:16:56 - 1553861816867 (n3h-bin) [i] n3h exited cleanly
~*~ 2019-3-29 08:17:05 - 1553861825293 (n3h-bin) [w] attempting read stdin
~*~ 2019-3-29 08:17:05 - 1553861825299 (n3h-bin) [w] got stdin config!
{"webproxy":{"connection":{"rsaBits":1024,"bind":["wss://0.0.0.0:5555/"]},"wssAdvertise":"wss://192.168.0.17:5555/","wssRelayPeers":null}}
~*~ 2019-3-29 08:17:05 - 1553861825302 (*n3hMode*) [i] @@ CONFIG @@
{
  "ipc": {
    "connection": {
      "rsaBits": 1024,
      "bind": [
        "wss://127.0.0.1:0/"
      ]
    }
  },
  "webproxy": {
    "connection": {
      "rsaBits": 1024,
      "bind": [
        "wss://0.0.0.0:5555/"
      ]
    },
    "wssAdvertise": "wss://192.168.0.17:5555/",
    "wssRelayPeers": null
  }
}
~*~ 2019-3-29 08:17:05 - 1553861825299 (n3h-bin) [i] executing mode HACK
~*~ 2019-3-29 08:17:05 - 1553861825439 (p2p-backend) [i] peerId:
HcSCiIR8nx5m73Md5rAvHwsWYP9wvyzeg6Fr6yV3IsUR8d9zFnU9gyrrbd87pqz
~*~ 2019-3-29 08:17:05 - 1553861825390 (wss-server-utils) [i] loaded rsa fingerprint
7Tn89L0me1xWPuuYiOxVOZvgwV0=
~*~ 2019-3-29 08:17:05 - 1553861825434 (wss-connection) [i] listening at wss://127.0.0.1:61881/
~*~ 2019-3-29 08:17:05 - 1553861825523 (@hackmode@) [i] p2p bound
wss://192.168.0.17:5555/?a=HcSCiIR8nx5m73Md5rAvHwsWYP9wvyzeg6Fr6yV3IsUR8d9zFnU9gyrrbd87pqz
~*~ 2019-3-29 08:17:05 - 1553861825436 (p2p-backend) [i] generating transport id seed from wssAdvertise hash
~*~ 2019-3-29 08:17:05 - 1553861825519 (wss-connection) [i] listening at wss://169.254.58.63:5555/
~*~ 2019-3-29 08:17:05 - 1553861825514 (wss-server-utils) [i] loaded rsa fingerprint
7Tn89L0me1xWPuuYiOxVOZvgwV0=
~*~ 2019-3-29 08:22:16 - 1553862136244 (n3h-bin) [i] n3h exited cleanly
~*~ 2019-3-29 08:27:30 - 1553862450447 (n3h-bin) [w] attempting read stdin
~*~ 2019-3-29 08:27:30 - 1553862450452 (n3h-bin) [w] got stdin config!
{"webproxy":{"connection":{"rsaBits":1024,"bind":["wss://0.0.0.0:5555/"]},"wssAdvertise":"wss://192.168.0.17:5555/","wssRelayPeers":null}}
~*~ 2019-3-29 08:27:30 - 1553862450453 (n3h-bin) [i] executing mode HACK
~*~ 2019-3-29 08:27:30 - 1553862450457 (*n3hMode*) [i] @@ CONFIG @@
{
  "ipc": {
    "connection": {
      "rsaBits": 1024,
      "bind": [
        "wss://127.0.0.1:0/"
      ]
    }
  },
  "webproxy": {
    "connection": {
      "rsaBits": 1024,
      "bind": [
        "wss://0.0.0.0:5555/"
      ]
    },
    "wssAdvertise": "wss://192.168.0.17:5555/",
    "wssRelayPeers": null
  }
}
~*~ 2019-3-29 08:27:30 - 1553862450641 (wss-server-utils) [i] loaded rsa fingerprint
7Tn89L0me1xWPuuYiOxVOZvgwV0=
~*~ 2019-3-29 08:27:30 - 1553862450653 (wss-connection) [i] listening at wss://169.254.58.63:5555/
~*~ 2019-3-29 08:27:30 - 1553862450657 (@hackmode@) [i] p2p bound
wss://192.168.0.17:5555/?a=HcSciQRPnjOx3ogvq9ngXHvyWAf5kt7qbaFX66Ix9XAwoxaoYYR3583cj9ed48A
~*~ 2019-3-29 08:27:30 - 1553862450537 (wss-server-utils) [i] loaded rsa fingerprint
7Tn89L0me1xWPuuYiOxVOZvgwV0=
~*~ 2019-3-29 08:27:30 - 1553862450588 (wss-connection) [i] listening at wss://127.0.0.1:49188/
~*~ 2019-3-29 08:27:30 - 1553862450596 (p2p-backend) [i] peerId:
HcSciQRPnjOx3ogvq9ngXHvyWAf5kt7qbaFX66Ix9XAwoxaoYYR3583cj9ed48A
~*~ 2019-3-29 08:29:59 - 1553862599033 (@hackmode@) [e] #### CHECK FAILED for (agent) "HcScIBeQyCP6dbdzrprtAyR9YaNqejrvuc9r99QGGq74A8UbIO9h9Ii7J5Rfnyi" + (DNA) "QmWZAJk67zyTAWp8PMpRaWr4aQbDPyGcumgzeJKc8oa2ej" (sender: HcScIS4AWek6Oiqa4rTyMWqp5fui8usggTHZ4UnSYDxuaongq7gumhEPIk4o3zi)
~*~ 2019-3-29 08:30:25 - 1553862625928 (n3h-bin) [i] n3h exited cleanly
~*~ 2019-3-29 08:30:37 - 1553862637084 (n3h-bin) [w] attempting read stdin
~*~ 2019-3-29 08:30:37 - 1553862637089 (n3h-bin) [w] got stdin config!
{"webproxy":{"connection":{"rsaBits":1024,"bind":["wss://0.0.0.0:5555/"]},"wssAdvertise":"wss://192.168.0.17:5555/","wssRelayPeers":null}}
~*~ 2019-3-29 08:30:37 - 1553862637090 (n3h-bin) [i] executing mode HACK
~*~ 2019-3-29 08:30:37 - 1553862637241 (p2p-backend) [i] peerId:
HcSCiHYp6JNMzgoxerB4URdiPUshh5ud5c9kdUWMXPjnjrkrv95ET5nsgQDza9a
~*~ 2019-3-29 08:30:37 - 1553862637190 (wss-server-utils) [i] loaded rsa fingerprint
7Tn89L0me1xWPuuYiOxVOZvgwV0=
~*~ 2019-3-29 08:30:37 - 1553862637227 (wss-connection) [i] listening at wss://127.0.0.1:50265/
~*~ 2019-3-29 08:30:37 - 1553862637311 (@hackmode@) [i] p2p bound
wss://192.168.0.17:5555/?a=HcSCiHYp6JNMzgoxerB4URdiPUshh5ud5c9kdUWMXPjnjrkrv95ET5nsgQDza9a
~*~ 2019-3-29 08:30:37 - 1553862637301 (wss-server-utils) [i] loaded rsa fingerprint
7Tn89L0me1xWPuuYiOxVOZvgwV0=
~*~ 2019-3-29 08:30:37 - 1553862637308 (wss-connection) [i] listening at wss://169.254.58.63:5555/
~*~ 2019-3-29 08:30:37 - 1553862637092 (*n3hMode*) [i] @@ CONFIG @@
{
  "ipc": {
    "connection": {
      "rsaBits": 1024,
      "bind": [
        "wss://127.0.0.1:0/"
      ]
    }
  },
  "webproxy": {
    "connection": {
      "rsaBits": 1024,
      "bind": [
        "wss://0.0.0.0:5555/"
      ]
    },
    "wssAdvertise": "wss://192.168.0.17:5555/",
    "wssRelayPeers": null
  }
}
~*~ 2019-3-29 08:38:06 - 1553863086753 (wss-connection) [e] Error: socket hang up
    at TLSSocket.<anonymous> (_tls_wrap.js:874:25)
    at emitOne (events.js:121:20)
    at TLSSocket.emit (events.js:211:7)
    at _handle.close (net.js:554:12)
    at Socket.done (_tls_wrap.js:356:7)
    at Object.onceWrapper (events.js:315:30)
    at emitOne (events.js:116:13)
    at Socket.emit (events.js:211:7)
    at TCP._handle.close [as _onclose] (net.js:554:12)
~*~ 2019-3-29 08:41:00 - 1553863260101 (n3h-bin) [i] n3h exited cleanly
