~*~ 2019-3-28 16:28:58 - 1553804938731 (n3h-bin) [w] attempting read stdin
~*~ 2019-3-28 16:28:58 - 1553804938737 (n3h-bin) [w] got stdin config!
{"webproxy":{"connection":{"rsaBits":1024,"bind":["wss://0.0.0.0:5555/"]},"wssRelayPeers":null}}
~*~ 2019-3-28 16:28:58 - 1553804938741 (*n3hMode*) [i] @@ CONFIG @@
{
  "ipc": {
    "connection": {
      "rsaBits": 1024,
      "bind": [
        "wss://127.0.0.1:0/"
      ]
    }
  },
  "webproxy": {
    "connection": {
      "rsaBits": 1024,
      "bind": [
        "wss://0.0.0.0:5555/"
      ]
    },
    "wssAdvertise": "auto",
    "wssRelayPeers": null
  }
}
~*~ 2019-3-28 16:28:58 - 1553804938738 (n3h-bin) [i] executing mode HACK
~*~ 2019-3-28 16:28:58 - 1553804938874 (wss-connection) [i] listening at wss://127.0.0.1:50738/
~*~ 2019-3-28 16:28:58 - 1553804938880 (p2p-backend) [i] generating transport id seed randomly
~*~ 2019-3-28 16:28:58 - 1553804938884 (p2p-backend) [i] peerId:
HcScIjaowvGwgiw6nj9nA6AVZE3U6U4wm45IUxftt7uSisgodIZZZedaohtoisi
~*~ 2019-3-28 16:28:58 - 1553804938935 (wss-server-utils) [i] loaded rsa fingerprint
7Tn89L0me1xWPuuYiOxVOZvgwV0=
~*~ 2019-3-28 16:28:58 - 1553804938941 (wss-connection) [i] listening at wss://192.168.0.17:5555/
~*~ 2019-3-28 16:28:58 - 1553804938951 (@hackmode@) [i] p2p bound
wss://192.168.0.17:5555/?a=HcScIjaowvGwgiw6nj9nA6AVZE3U6U4wm45IUxftt7uSisgodIZZZedaohtoisi
~*~ 2019-3-28 16:28:58 - 1553804938818 (wss-server-utils) [i] loaded rsa fingerprint
7Tn89L0me1xWPuuYiOxVOZvgwV0=
~*~ 2019-3-28 16:36:29 - 1553805389598 (n3h-bin) [i] n3h exited cleanly
~*~ 2019-3-28 16:36:41 - 1553805401608 (n3h-bin) [w] attempting read stdin
~*~ 2019-3-28 16:36:41 - 1553805401626 (n3h-bin) [w] got stdin config!
{"webproxy":{"connection":{"rsaBits":1024,"bind":["wss://0.0.0.0:5555/"]},"wssAdvertise":"wss://192.168.0.17:5555/","wssRelayPeers":null}}
~*~ 2019-3-28 16:36:41 - 1553805401630 (n3h-bin) [i] executing mode HACK
~*~ 2019-3-28 16:36:41 - 1553805401692 (*n3hMode*) [i] @@ CONFIG @@
{
  "ipc": {
    "connection": {
      "rsaBits": 1024,
      "bind": [
        "wss://127.0.0.1:0/"
      ]
    }
  },
  "webproxy": {
    "connection": {
      "rsaBits": 1024,
      "bind": [
        "wss://0.0.0.0:5555/"
      ]
    },
    "wssAdvertise": "wss://192.168.0.17:5555/",
    "wssRelayPeers": null
  }
}
~*~ 2019-3-28 16:36:41 - 1553805401813 (wss-server-utils) [i] loaded rsa fingerprint
7Tn89L0me1xWPuuYiOxVOZvgwV0=
~*~ 2019-3-28 16:36:41 - 1553805401868 (wss-connection) [i] listening at wss://127.0.0.1:51467/
~*~ 2019-3-28 16:36:41 - 1553805401877 (p2p-backend) [i] generating transport id seed from wssAdvertise hash
~*~ 2019-3-28 16:36:41 - 1553805401885 (p2p-backend) [i] peerId:
HcSCiIR8nx5m73Md5rAvHwsWYP9wvyzeg6Fr6yV3IsUR8d9zFnU9gyrrbd87pqz
~*~ 2019-3-28 16:36:41 - 1553805401953 (wss-server-utils) [i] loaded rsa fingerprint
7Tn89L0me1xWPuuYiOxVOZvgwV0=
~*~ 2019-3-28 16:36:41 - 1553805401961 (wss-connection) [i] listening at wss://192.168.0.17:5555/
~*~ 2019-3-28 16:36:41 - 1553805401965 (@hackmode@) [i] p2p bound
wss://192.168.0.17:5555/?a=HcSCiIR8nx5m73Md5rAvHwsWYP9wvyzeg6Fr6yV3IsUR8d9zFnU9gyrrbd87pqz
