~*~ 2019-3-29 07:15:05 - 1553858105894 (n3h-bin) [w] attempting read stdin
~*~ 2019-3-29 07:15:05 - 1553858105901 (n3h-bin) [w] got stdin config!
{"webproxy":{"connection":{"rsaBits":1024,"bind":["wss://0.0.0.0:5555/"]},"wssAdvertise":"wss://192.168.0.17:5555/","wssRelayPeers":null}}
~*~ 2019-3-29 07:15:05 - 1553858105907 (*n3hMode*) [i] @@ CONFIG @@
{
  "ipc": {
    "connection": {
      "rsaBits": 1024,
      "bind": [
        "wss://127.0.0.1:0/"
      ]
    }
  },
  "webproxy": {
    "connection": {
      "rsaBits": 1024,
      "bind": [
        "wss://0.0.0.0:5555/"
      ]
    },
    "wssAdvertise": "wss://192.168.0.17:5555/",
    "wssRelayPeers": null
  }
}
~*~ 2019-3-29 07:15:05 - 1553858105902 (n3h-bin) [i] executing mode HACK
~*~ 2019-3-29 07:15:05 - 1553858105976 (wss-server-utils) [i] loaded rsa fingerprint
7Tn89L0me1xWPuuYiOxVOZvgwV0=
~*~ 2019-3-29 07:15:06 - 1553858106036 (wss-connection) [i] listening at wss://127.0.0.1:54224/
~*~ 2019-3-29 07:15:06 - 1553858106039 (p2p-backend) [i] generating transport id seed from wssAdvertise hash
~*~ 2019-3-29 07:15:06 - 1553858106047 (p2p-backend) [i] peerId:
HcSCiIR8nx5m73Md5rAvHwsWYP9wvyzeg6Fr6yV3IsUR8d9zFnU9gyrrbd87pqz
~*~ 2019-3-29 07:15:06 - 1553858106106 (wss-server-utils) [i] loaded rsa fingerprint
7Tn89L0me1xWPuuYiOxVOZvgwV0=
~*~ 2019-3-29 07:15:06 - 1553858106111 (wss-connection) [i] listening at wss://169.254.58.63:5555/
~*~ 2019-3-29 07:15:06 - 1553858106120 (@hackmode@) [i] p2p bound
wss://192.168.0.17:5555/?a=HcSCiIR8nx5m73Md5rAvHwsWYP9wvyzeg6Fr6yV3IsUR8d9zFnU9gyrrbd87pqz
~*~ 2019-3-29 07:28:58 - 1553858938146 (n3h-bin) [w] attempting read stdin
~*~ 2019-3-29 07:28:58 - 1553858938152 (n3h-bin) [w] got stdin config!
{"webproxy":{"connection":{"rsaBits":1024,"bind":["wss://0.0.0.0:5555/"]},"wssAdvertise":"wss://192.168.0.17:5555/","wssRelayPeers":null}}
~*~ 2019-3-29 07:28:58 - 1553858938152 (n3h-bin) [i] executing mode HACK
~*~ 2019-3-29 07:28:58 - 1553858938156 (*n3hMode*) [i] @@ CONFIG @@
{
  "ipc": {
    "connection": {
      "rsaBits": 1024,
      "bind": [
        "wss://127.0.0.1:0/"
      ]
    }
  },
  "webproxy": {
    "connection": {
      "rsaBits": 1024,
      "bind": [
        "wss://0.0.0.0:5555/"
      ]
    },
    "wssAdvertise": "wss://192.168.0.17:5555/",
    "wssRelayPeers": null
  }
}
~*~ 2019-3-29 07:28:58 - 1553858938237 (wss-server-utils) [i] loaded rsa fingerprint
7Tn89L0me1xWPuuYiOxVOZvgwV0=
~*~ 2019-3-29 07:28:58 - 1553858938272 (wss-connection) [i] listening at wss://127.0.0.1:55427/
~*~ 2019-3-29 07:28:58 - 1553858938279 (p2p-backend) [i] peerId:
HcSCiIR8nx5m73Md5rAvHwsWYP9wvyzeg6Fr6yV3IsUR8d9zFnU9gyrrbd87pqz
~*~ 2019-3-29 07:28:58 - 1553858938358 (wss-server-utils) [i] loaded rsa fingerprint
7Tn89L0me1xWPuuYiOxVOZvgwV0=
~*~ 2019-3-29 07:28:58 - 1553858938370 (@hackmode@) [i] p2p bound
wss://192.168.0.17:5555/?a=HcSCiIR8nx5m73Md5rAvHwsWYP9wvyzeg6Fr6yV3IsUR8d9zFnU9gyrrbd87pqz
~*~ 2019-3-29 07:28:58 - 1553858938274 (p2p-backend) [i] generating transport id seed from wssAdvertise hash
~*~ 2019-3-29 07:28:58 - 1553858938366 (wss-connection) [i] listening at wss://169.254.58.63:5555/
~*~ 2019-3-29 07:35:06 - 1553859306227 (n3h-bin) [w] attempting read stdin
~*~ 2019-3-29 07:35:06 - 1553859306232 (n3h-bin) [w] got stdin config!
{"webproxy":{"connection":{"rsaBits":1024,"bind":["wss://0.0.0.0:5555/"]},"wssAdvertise":"wss://192.168.0.17:5555/","wssRelayPeers":null}}
~*~ 2019-3-29 07:35:06 - 1553859306301 (wss-server-utils) [i] loaded rsa fingerprint
7Tn89L0me1xWPuuYiOxVOZvgwV0=
~*~ 2019-3-29 07:35:06 - 1553859306235 (*n3hMode*) [i] @@ CONFIG @@
{
  "ipc": {
    "connection": {
      "rsaBits": 1024,
      "bind": [
        "wss://127.0.0.1:0/"
      ]
    }
  },
  "webproxy": {
    "connection": {
      "rsaBits": 1024,
      "bind": [
        "wss://0.0.0.0:5555/"
      ]
    },
    "wssAdvertise": "wss://192.168.0.17:5555/",
    "wssRelayPeers": null
  }
}
~*~ 2019-3-29 07:35:06 - 1553859306343 (p2p-backend) [i] generating transport id seed from wssAdvertise hash
~*~ 2019-3-29 07:35:06 - 1553859306335 (wss-connection) [i] listening at wss://127.0.0.1:56052/
~*~ 2019-3-29 07:35:06 - 1553859306415 (wss-connection) [i] listening at wss://169.254.58.63:5555/
~*~ 2019-3-29 07:35:06 - 1553859306417 (@hackmode@) [i] p2p bound
wss://192.168.0.17:5555/?a=HcSCiIR8nx5m73Md5rAvHwsWYP9wvyzeg6Fr6yV3IsUR8d9zFnU9gyrrbd87pqz
~*~ 2019-3-29 07:35:06 - 1553859306411 (wss-server-utils) [i] loaded rsa fingerprint
7Tn89L0me1xWPuuYiOxVOZvgwV0=
~*~ 2019-3-29 07:35:06 - 1553859306233 (n3h-bin) [i] executing mode HACK
~*~ 2019-3-29 07:35:06 - 1553859306348 (p2p-backend) [i] peerId:
HcSCiIR8nx5m73Md5rAvHwsWYP9wvyzeg6Fr6yV3IsUR8d9zFnU9gyrrbd87pqz
~*~ 2019-3-29 07:36:12 - 1553859372258 (n3h-bin) [w] attempting read stdin
~*~ 2019-3-29 07:36:12 - 1553859372266 (n3h-bin) [w] got stdin config!
{"webproxy":{"connection":{"rsaBits":1024,"bind":["wss://0.0.0.0:5555/"]},"wssAdvertise":"wss://192.168.0.17:5555/","wssRelayPeers":null}}
~*~ 2019-3-29 07:36:12 - 1553859372266 (n3h-bin) [i] executing mode HACK
~*~ 2019-3-29 07:36:12 - 1553859372389 (p2p-backend) [i] generating transport id seed from wssAdvertise hash
~*~ 2019-3-29 07:36:12 - 1553859372393 (p2p-backend) [i] peerId:
HcSCiIR8nx5m73Md5rAvHwsWYP9wvyzeg6Fr6yV3IsUR8d9zFnU9gyrrbd87pqz
~*~ 2019-3-29 07:36:12 - 1553859372456 (wss-server-utils) [i] loaded rsa fingerprint
7Tn89L0me1xWPuuYiOxVOZvgwV0=
~*~ 2019-3-29 07:36:12 - 1553859372460 (wss-connection) [i] listening at wss://169.254.58.63:5555/
~*~ 2019-3-29 07:36:12 - 1553859372473 (@hackmode@) [i] p2p bound
wss://192.168.0.17:5555/?a=HcSCiIR8nx5m73Md5rAvHwsWYP9wvyzeg6Fr6yV3IsUR8d9zFnU9gyrrbd87pqz
~*~ 2019-3-29 07:36:12 - 1553859372384 (wss-connection) [i] listening at wss://127.0.0.1:56171/
~*~ 2019-3-29 07:36:12 - 1553859372270 (*n3hMode*) [i] @@ CONFIG @@
{
  "ipc": {
    "connection": {
      "rsaBits": 1024,
      "bind": [
        "wss://127.0.0.1:0/"
      ]
    }
  },
  "webproxy": {
    "connection": {
      "rsaBits": 1024,
      "bind": [
        "wss://0.0.0.0:5555/"
      ]
    },
    "wssAdvertise": "wss://192.168.0.17:5555/",
    "wssRelayPeers": null
  }
}
~*~ 2019-3-29 07:36:12 - 1553859372349 (wss-server-utils) [i] loaded rsa fingerprint
7Tn89L0me1xWPuuYiOxVOZvgwV0=
~*~ 2019-3-29 07:41:55 - 1553859715766 (n3h-bin) [w] attempting read stdin
~*~ 2019-3-29 07:41:55 - 1553859715772 (n3h-bin) [w] got stdin config!
{"webproxy":{"connection":{"rsaBits":1024,"bind":["wss://0.0.0.0:5555/"]},"wssAdvertise":"wss://192.168.0.17:5555/","wssRelayPeers":null}}
~*~ 2019-3-29 07:41:55 - 1553859715773 (n3h-bin) [i] executing mode HACK
~*~ 2019-3-29 07:41:55 - 1553859715914 (wss-connection) [i] listening at wss://127.0.0.1:56746/
~*~ 2019-3-29 07:41:55 - 1553859715916 (p2p-backend) [i] generating transport id seed from wssAdvertise hash
~*~ 2019-3-29 07:41:55 - 1553859715983 (wss-server-utils) [i] loaded rsa fingerprint
7Tn89L0me1xWPuuYiOxVOZvgwV0=
~*~ 2019-3-29 07:41:56 - 1553859716006 (wss-connection) [i] listening at wss://169.254.58.63:5555/
~*~ 2019-3-29 07:41:56 - 1553859716012 (@hackmode@) [i] p2p bound
wss://192.168.0.17:5555/?a=HcSCiIR8nx5m73Md5rAvHwsWYP9wvyzeg6Fr6yV3IsUR8d9zFnU9gyrrbd87pqz
~*~ 2019-3-29 07:41:55 - 1553859715777 (*n3hMode*) [i] @@ CONFIG @@
{
  "ipc": {
    "connection": {
      "rsaBits": 1024,
      "bind": [
        "wss://127.0.0.1:0/"
      ]
    }
  },
  "webproxy": {
    "connection": {
      "rsaBits": 1024,
      "bind": [
        "wss://0.0.0.0:5555/"
      ]
    },
    "wssAdvertise": "wss://192.168.0.17:5555/",
    "wssRelayPeers": null
  }
}
~*~ 2019-3-29 07:41:55 - 1553859715856 (wss-server-utils) [i] loaded rsa fingerprint
7Tn89L0me1xWPuuYiOxVOZvgwV0=
~*~ 2019-3-29 07:41:55 - 1553859715923 (p2p-backend) [i] peerId:
HcSCiIR8nx5m73Md5rAvHwsWYP9wvyzeg6Fr6yV3IsUR8d9zFnU9gyrrbd87pqz
~*~ 2019-3-29 07:41:57 - 1553859717450 (p2p-backend) [i] cIds: 
["wss:out:3.m67hj4kzi9"]
~*~ 2019-3-29 07:41:57 - 1553859717450 (p2p-backend) [i] cIds: 
["wss:out:3.m67hj4kzi9"]
~*~ 2019-3-29 07:41:57 - 1553859717457 (p2p-backend) [i] cIds: 
["wss:out:3.m67hj4kzi9"]
~*~ 2019-3-29 07:41:57 - 1553859717461 (p2p-backend) [i] cIds: 
["wss:out:3.m67hj4kzi9"]
~*~ 2019-3-29 07:41:57 - 1553859717451 (p2p-backend) [i] cIds: 
["wss:out:3.m67hj4kzi9"]
~*~ 2019-3-29 07:41:57 - 1553859717451 (p2p-backend) [i] cIds: 
["wss:out:3.m67hj4kzi9"]
~*~ 2019-3-29 07:41:57 - 1553859717451 (p2p-backend) [i] cIds: 
["wss:out:3.m67hj4kzi9"]
~*~ 2019-3-29 07:41:58 - 1553859718241 (p2p-backend) [i] cIds: 
["wss:in:4.epescqvulv"]
~*~ 2019-3-29 07:41:58 - 1553859718243 (p2p-backend) [i] cIds: 
["wss:in:4.epescqvulv"]
~*~ 2019-3-29 07:42:01 - 1553859721249 (p2p-backend) [i] cIds: 
["wss:in:4.epescqvulv"]
~*~ 2019-3-29 07:42:01 - 1553859721250 (p2p-backend) [i] cIds: 
["wss:in:4.epescqvulv"]
~*~ 2019-3-29 07:42:04 - 1553859724254 (p2p-backend) [i] cIds: 
["wss:in:4.epescqvulv"]
~*~ 2019-3-29 07:42:04 - 1553859724256 (p2p-backend) [i] cIds: 
["wss:in:4.epescqvulv"]
~*~ 2019-3-29 07:42:07 - 1553859727265 (p2p-backend) [i] cIds: 
["wss:in:4.epescqvulv"]
~*~ 2019-3-29 07:42:07 - 1553859727266 (p2p-backend) [i] cIds: 
["wss:in:4.epescqvulv"]
~*~ 2019-3-29 07:42:10 - 1553859730278 (p2p-backend) [i] cIds: 
["wss:in:4.epescqvulv"]
~*~ 2019-3-29 07:42:10 - 1553859730279 (p2p-backend) [i] cIds: 
["wss:in:4.epescqvulv"]
~*~ 2019-3-29 07:42:12 - 1553859732590 (p2p-backend) [i] cIds: 
["wss:in:4.uq25w78bc"]
~*~ 2019-3-29 07:42:12 - 1553859732765 (p2p-backend) [i] cIds: 
["wss:in:4.uq25w78bc"]
~*~ 2019-3-29 07:42:13 - 1553859733129 (p2p-backend) [i] cIds: 
["wss:in:4.uq25w78bc"]
~*~ 2019-3-29 07:42:13 - 1553859733289 (p2p-backend) [i] cIds: 
["wss:in:4.epescqvulv"]
~*~ 2019-3-29 07:42:13 - 1553859733290 (p2p-backend) [i] cIds: 
["wss:in:4.epescqvulv"]
~*~ 2019-3-29 07:42:13 - 1553859733318 (p2p-backend) [i] cIds: 
["wss:in:4.uq25w78bc"]
~*~ 2019-3-29 07:42:13 - 1553859733339 (p2p-backend) [i] cIds: 
["wss:in:4.uq25w78bc"]
~*~ 2019-3-29 07:42:13 - 1553859733761 (p2p-backend) [i] cIds: 
["wss:in:4.uq25w78bc"]
~*~ 2019-3-29 07:42:13 - 1553859733850 (p2p-backend) [i] cIds: 
["wss:in:4.uq25w78bc"]
~*~ 2019-3-29 07:42:14 - 1553859734399 (p2p-backend) [i] cIds: 
["wss:in:4.uq25w78bc"]
~*~ 2019-3-29 07:42:14 - 1553859734414 (p2p-backend) [i] cIds: 
["wss:in:4.uq25w78bc"]
~*~ 2019-3-29 07:42:14 - 1553859734935 (p2p-backend) [i] cIds: 
["wss:in:4.uq25w78bc"]
~*~ 2019-3-29 07:42:14 - 1553859734936 (p2p-backend) [i] cIds: 
["wss:in:4.uq25w78bc"]
~*~ 2019-3-29 07:42:15 - 1553859735472 (p2p-backend) [i] cIds: 
["wss:in:4.uq25w78bc"]
~*~ 2019-3-29 07:42:15 - 1553859735475 (p2p-backend) [i] cIds: 
["wss:in:4.uq25w78bc"]
~*~ 2019-3-29 07:42:15 - 1553859735502 (p2p-backend) [i] cIds: 
["wss:in:4.uq25w78bc"]
~*~ 2019-3-29 07:42:16 - 1553859736008 (p2p-backend) [i] cIds: 
["wss:in:4.uq25w78bc"]
~*~ 2019-3-29 07:42:16 - 1553859736016 (p2p-backend) [i] cIds: 
["wss:in:4.uq25w78bc"]
~*~ 2019-3-29 07:42:16 - 1553859736543 (p2p-backend) [i] cIds: 
["wss:in:4.uq25w78bc"]
~*~ 2019-3-29 07:42:16 - 1553859736562 (p2p-backend) [i] cIds: 
["wss:in:4.uq25w78bc"]
~*~ 2019-3-29 07:42:17 - 1553859737070 (p2p-backend) [i] cIds: 
["wss:in:4.uq25w78bc"]
~*~ 2019-3-29 07:42:17 - 1553859737111 (p2p-backend) [i] cIds: 
["wss:in:4.uq25w78bc"]
~*~ 2019-3-29 07:42:17 - 1553859737653 (p2p-backend) [i] cIds: 
["wss:in:4.uq25w78bc"]
~*~ 2019-3-29 07:42:17 - 1553859737708 (p2p-backend) [i] cIds: 
["wss:in:4.uq25w78bc"]
~*~ 2019-3-29 07:42:18 - 1553859738239 (p2p-backend) [i] cIds: 
["wss:in:4.uq25w78bc"]
~*~ 2019-3-29 07:42:18 - 1553859738241 (p2p-backend) [i] cIds: 
["wss:in:4.uq25w78bc"]
~*~ 2019-3-29 07:42:18 - 1553859738711 (p2p-backend) [i] cIds: 
["wss:in:4.epescqvulv"]
~*~ 2019-3-29 07:42:18 - 1553859738713 (p2p-backend) [i] cIds: 
["wss:in:4.epescqvulv"]
~*~ 2019-3-29 07:42:22 - 1553859742731 (p2p-backend) [i] cIds: 
["wss:in:4.epescqvulv"]
~*~ 2019-3-29 07:42:22 - 1553859742732 (p2p-backend) [i] cIds: 
["wss:in:4.epescqvulv"]
~*~ 2019-3-29 07:47:20 - 1553860040855 (n3h-bin) [w] attempting read stdin
~*~ 2019-3-29 07:47:20 - 1553860040861 (n3h-bin) [w] got stdin config!
{"webproxy":{"connection":{"rsaBits":1024,"bind":["wss://0.0.0.0:5555/"]},"wssAdvertise":"wss://192.168.0.17:5555/","wssRelayPeers":null}}
~*~ 2019-3-29 07:47:20 - 1553860040949 (wss-server-utils) [i] loaded rsa fingerprint
7Tn89L0me1xWPuuYiOxVOZvgwV0=
~*~ 2019-3-29 07:47:20 - 1553860040984 (wss-connection) [i] listening at wss://127.0.0.1:57305/
~*~ 2019-3-29 07:47:20 - 1553860040987 (p2p-backend) [i] generating transport id seed from wssAdvertise hash
~*~ 2019-3-29 07:47:20 - 1553860040863 (n3h-bin) [i] executing mode HACK
~*~ 2019-3-29 07:47:21 - 1553860041088 (wss-server-utils) [i] loaded rsa fingerprint
7Tn89L0me1xWPuuYiOxVOZvgwV0=
~*~ 2019-3-29 07:47:21 - 1553860041094 (wss-connection) [i] listening at wss://169.254.58.63:5555/
~*~ 2019-3-29 07:47:21 - 1553860041112 (@hackmode@) [i] p2p bound
wss://192.168.0.17:5555/?a=HcSCiIR8nx5m73Md5rAvHwsWYP9wvyzeg6Fr6yV3IsUR8d9zFnU9gyrrbd87pqz
~*~ 2019-3-29 07:47:20 - 1553860040992 (p2p-backend) [i] peerId:
HcSCiIR8nx5m73Md5rAvHwsWYP9wvyzeg6Fr6yV3IsUR8d9zFnU9gyrrbd87pqz
~*~ 2019-3-29 07:47:20 - 1553860040868 (*n3hMode*) [i] @@ CONFIG @@
{
  "ipc": {
    "connection": {
      "rsaBits": 1024,
      "bind": [
        "wss://127.0.0.1:0/"
      ]
    }
  },
  "webproxy": {
    "connection": {
      "rsaBits": 1024,
      "bind": [
        "wss://0.0.0.0:5555/"
      ]
    },
    "wssAdvertise": "wss://192.168.0.17:5555/",
    "wssRelayPeers": null
  }
}
~*~ 2019-3-29 07:47:38 - 1553860058009 (n3h-bin) [i] n3h exited cleanly
~*~ 2019-3-29 07:47:55 - 1553860075144 (n3h-bin) [w] attempting read stdin
~*~ 2019-3-29 07:47:55 - 1553860075149 (n3h-bin) [w] got stdin config!
{"webproxy":{"connection":{"rsaBits":1024,"bind":["wss://0.0.0.0:5555/"]},"wssAdvertise":"wss://192.168.0.17:5555/","wssRelayPeers":null}}
~*~ 2019-3-29 07:47:55 - 1553860075150 (n3h-bin) [i] executing mode HACK
~*~ 2019-3-29 07:47:55 - 1553860075154 (*n3hMode*) [i] @@ CONFIG @@
{
  "ipc": {
    "connection": {
      "rsaBits": 1024,
      "bind": [
        "wss://127.0.0.1:0/"
      ]
    }
  },
  "webproxy": {
    "connection": {
      "rsaBits": 1024,
      "bind": [
        "wss://0.0.0.0:5555/"
      ]
    },
    "wssAdvertise": "wss://192.168.0.17:5555/",
    "wssRelayPeers": null
  }
}
~*~ 2019-3-29 07:47:55 - 1553860075238 (wss-server-utils) [i] loaded rsa fingerprint
7Tn89L0me1xWPuuYiOxVOZvgwV0=
~*~ 2019-3-29 07:47:55 - 1553860075293 (wss-connection) [i] listening at wss://127.0.0.1:57370/
~*~ 2019-3-29 07:47:55 - 1553860075295 (p2p-backend) [i] generating transport id seed from wssAdvertise hash
~*~ 2019-3-29 07:47:55 - 1553860075314 (p2p-backend) [i] peerId:
HcSCiIR8nx5m73Md5rAvHwsWYP9wvyzeg6Fr6yV3IsUR8d9zFnU9gyrrbd87pqz
~*~ 2019-3-29 07:47:55 - 1553860075363 (wss-server-utils) [i] loaded rsa fingerprint
7Tn89L0me1xWPuuYiOxVOZvgwV0=
~*~ 2019-3-29 07:47:55 - 1553860075379 (wss-connection) [i] listening at wss://169.254.58.63:5555/
~*~ 2019-3-29 07:47:55 - 1553860075387 (@hackmode@) [i] p2p bound
wss://192.168.0.17:5555/?a=HcSCiIR8nx5m73Md5rAvHwsWYP9wvyzeg6Fr6yV3IsUR8d9zFnU9gyrrbd87pqz
~*~ 2019-3-29 07:49:21 - 1553860161728 (n3h-bin) [w] attempting read stdin
~*~ 2019-3-29 07:49:21 - 1553860161733 (n3h-bin) [w] got stdin config!
{"webproxy":{"connection":{"rsaBits":1024,"bind":["wss://0.0.0.0:5555/"]},"wssAdvertise":"wss://192.168.0.17:5555/","wssRelayPeers":null}}
~*~ 2019-3-29 07:49:21 - 1553860161734 (n3h-bin) [i] executing mode HACK
~*~ 2019-3-29 07:49:21 - 1553860161865 (wss-connection) [i] listening at wss://127.0.0.1:57517/
~*~ 2019-3-29 07:49:21 - 1553860161877 (p2p-backend) [i] generating transport id seed from wssAdvertise hash
~*~ 2019-3-29 07:49:21 - 1553860161996 (wss-server-utils) [i] loaded rsa fingerprint
7Tn89L0me1xWPuuYiOxVOZvgwV0=
~*~ 2019-3-29 07:49:22 - 1553860162019 (wss-connection) [i] listening at wss://169.254.58.63:5555/
~*~ 2019-3-29 07:49:22 - 1553860162023 (@hackmode@) [i] p2p bound
wss://192.168.0.17:5555/?a=HcSCiIR8nx5m73Md5rAvHwsWYP9wvyzeg6Fr6yV3IsUR8d9zFnU9gyrrbd87pqz
~*~ 2019-3-29 07:49:21 - 1553860161738 (*n3hMode*) [i] @@ CONFIG @@
{
  "ipc": {
    "connection": {
      "rsaBits": 1024,
      "bind": [
        "wss://127.0.0.1:0/"
      ]
    }
  },
  "webproxy": {
    "connection": {
      "rsaBits": 1024,
      "bind": [
        "wss://0.0.0.0:5555/"
      ]
    },
    "wssAdvertise": "wss://192.168.0.17:5555/",
    "wssRelayPeers": null
  }
}
~*~ 2019-3-29 07:49:21 - 1553860161821 (wss-server-utils) [i] loaded rsa fingerprint
7Tn89L0me1xWPuuYiOxVOZvgwV0=
~*~ 2019-3-29 07:49:21 - 1553860161892 (p2p-backend) [i] peerId:
HcSCiIR8nx5m73Md5rAvHwsWYP9wvyzeg6Fr6yV3IsUR8d9zFnU9gyrrbd87pqz
~*~ 2019-3-29 07:49:23 - 1553860163464 (p2p-backend) [i] string
~*~ 2019-3-29 07:49:23 - 1553860163465 (p2p-backend) [i] Skipping publish because no connections to peers
~*~ 2019-3-29 07:49:23 - 1553860163476 (p2p-backend) [i] string
~*~ 2019-3-29 07:49:23 - 1553860163485 (p2p-backend) [i] Skipping publish because no connections to peers
~*~ 2019-3-29 07:49:23 - 1553860163486 (p2p-backend) [i] string
~*~ 2019-3-29 07:49:23 - 1553860163487 (p2p-backend) [i] Skipping publish because no connections to peers
~*~ 2019-3-29 07:49:23 - 1553860163487 (p2p-backend) [i] string
~*~ 2019-3-29 07:49:23 - 1553860163487 (p2p-backend) [i] Skipping publish because no connections to peers
~*~ 2019-3-29 07:49:23 - 1553860163488 (p2p-backend) [i] string
~*~ 2019-3-29 07:49:23 - 1553860163489 (p2p-backend) [i] Skipping publish because no connections to peers
~*~ 2019-3-29 07:49:23 - 1553860163489 (p2p-backend) [i] string
~*~ 2019-3-29 07:49:23 - 1553860163490 (p2p-backend) [i] Skipping publish because no connections to peers
~*~ 2019-3-29 07:49:23 - 1553860163490 (p2p-backend) [i] string
~*~ 2019-3-29 07:49:23 - 1553860163491 (p2p-backend) [i] Skipping publish because no connections to peers
~*~ 2019-3-29 07:49:24 - 1553860164232 (p2p-backend) [i] string
~*~ 2019-3-29 07:49:24 - 1553860164232 (p2p-backend) [i] Skipping publish because no connections to peers
~*~ 2019-3-29 07:49:26 - 1553860166239 (p2p-backend) [i] string
~*~ 2019-3-29 07:49:26 - 1553860166240 (p2p-backend) [i] Skipping publish because no connections to peers
~*~ 2019-3-29 07:49:28 - 1553860168251 (p2p-backend) [i] string
~*~ 2019-3-29 07:49:28 - 1553860168251 (p2p-backend) [i] Skipping publish because no connections to peers
~*~ 2019-3-29 07:49:30 - 1553860170256 (p2p-backend) [i] string
~*~ 2019-3-29 07:49:30 - 1553860170257 (p2p-backend) [i] Skipping publish because no connections to peers
~*~ 2019-3-29 07:49:32 - 1553860172267 (p2p-backend) [i] string
~*~ 2019-3-29 07:49:32 - 1553860172267 (p2p-backend) [i] Skipping publish because no connections to peers
~*~ 2019-3-29 07:49:34 - 1553860174272 (p2p-backend) [i] string
~*~ 2019-3-29 07:49:34 - 1553860174272 (p2p-backend) [i] Skipping publish because no connections to peers
~*~ 2019-3-29 07:49:36 - 1553860176281 (p2p-backend) [i] string
~*~ 2019-3-29 07:49:36 - 1553860176282 (p2p-backend) [i] Skipping publish because no connections to peers
~*~ 2019-3-29 07:49:38 - 1553860178288 (p2p-backend) [i] string
~*~ 2019-3-29 07:49:38 - 1553860178288 (p2p-backend) [i] Skipping publish because no connections to peers
~*~ 2019-3-29 07:49:40 - 1553860180297 (p2p-backend) [i] string
~*~ 2019-3-29 07:49:40 - 1553860180297 (p2p-backend) [i] Skipping publish because no connections to peers
~*~ 2019-3-29 07:49:42 - 1553860182305 (p2p-backend) [i] string
~*~ 2019-3-29 07:49:42 - 1553860182305 (p2p-backend) [i] Skipping publish because no connections to peers
~*~ 2019-3-29 07:49:44 - 1553860184315 (p2p-backend) [i] string
~*~ 2019-3-29 07:49:44 - 1553860184315 (p2p-backend) [i] Skipping publish because no connections to peers
~*~ 2019-3-29 07:49:44 - 1553860184521 (p2p-backend) [i] string
~*~ 2019-3-29 07:49:44 - 1553860184522 (p2p-backend) [i] Skipping publish because no connections to peers
~*~ 2019-3-29 07:49:44 - 1553860184768 (p2p-backend) [i] string
~*~ 2019-3-29 07:49:44 - 1553860184768 (p2p-backend) [i] Skipping publish because no connections to peers
~*~ 2019-3-29 07:49:45 - 1553860185321 (p2p-backend) [i] string
~*~ 2019-3-29 07:49:45 - 1553860185321 (p2p-backend) [i] Skipping publish because no connections to peers
~*~ 2019-3-29 07:49:45 - 1553860185341 (p2p-backend) [i] string
~*~ 2019-3-29 07:49:45 - 1553860185341 (p2p-backend) [i] Skipping publish because no connections to peers
~*~ 2019-3-29 07:49:48 - 1553860188118 (p2p-backend) [i] string
~*~ 2019-3-29 07:49:48 - 1553860188118 (p2p-backend) [i] Skipping publish because no connections to peers
~*~ 2019-3-29 07:49:48 - 1553860188353 (p2p-backend) [i] string
~*~ 2019-3-29 07:49:48 - 1553860188353 (p2p-backend) [i] Skipping publish because no connections to peers
~*~ 2019-3-29 07:49:48 - 1553860188535 (p2p-backend) [i] string
~*~ 2019-3-29 07:49:48 - 1553860188536 (p2p-backend) [i] Skipping publish because no connections to peers
~*~ 2019-3-29 07:49:49 - 1553860189368 (p2p-backend) [i] string
~*~ 2019-3-29 07:49:49 - 1553860189368 (p2p-backend) [i] Skipping publish because no connections to peers
~*~ 2019-3-29 07:49:51 - 1553860191546 (p2p-backend) [i] string
~*~ 2019-3-29 07:49:51 - 1553860191546 (p2p-backend) [i] Skipping publish because no connections to peers
~*~ 2019-3-29 07:49:51 - 1553860191726 (p2p-backend) [i] string
~*~ 2019-3-29 07:49:51 - 1553860191726 (p2p-backend) [i] Skipping publish because no connections to peers
~*~ 2019-3-29 07:49:51 - 1553860191919 (p2p-backend) [i] string
~*~ 2019-3-29 07:49:51 - 1553860191920 (p2p-backend) [i] Skipping publish because no connections to peers
~*~ 2019-3-29 07:49:53 - 1553860193377 (p2p-backend) [i] string
~*~ 2019-3-29 07:49:53 - 1553860193377 (p2p-backend) [i] Skipping publish because no connections to peers
~*~ 2019-3-29 07:49:55 - 1553860195561 (p2p-backend) [i] string
~*~ 2019-3-29 07:49:55 - 1553860195561 (p2p-backend) [i] Skipping publish because no connections to peers
~*~ 2019-3-29 07:49:58 - 1553860198574 (p2p-backend) [i] string
~*~ 2019-3-29 07:49:58 - 1553860198575 (p2p-backend) [i] Skipping publish because no connections to peers
~*~ 2019-3-29 07:50:00 - 1553860200332 (p2p-backend) [i] undefined
~*~ 2019-3-29 07:50:00 - 1553860200334 (p2p-backend) [i] Skipping publish because no connections to peers
~*~ 2019-3-29 07:50:00 - 1553860200351 (p2p-backend) [i] Skipping publish because no connections to peers
~*~ 2019-3-29 07:50:00 - 1553860200342 (p2p-backend) [i] Skipping publish because no connections to peers
~*~ 2019-3-29 07:50:00 - 1553860200348 (p2p-backend) [i] undefined
~*~ 2019-3-29 07:50:00 - 1553860200335 (p2p-backend) [i] undefined
~*~ 2019-3-29 07:50:01 - 1553860201584 (p2p-backend) [i] string
~*~ 2019-3-29 07:50:01 - 1553860201584 (p2p-backend) [i] Skipping publish because no connections to peers
~*~ 2019-3-29 07:50:04 - 1553860204595 (p2p-backend) [i] string
~*~ 2019-3-29 07:50:04 - 1553860204595 (p2p-backend) [i] Skipping publish because no connections to peers
~*~ 2019-3-29 07:50:07 - 1553860207485 (p2p-backend) [i] undefined
~*~ 2019-3-29 07:50:07 - 1553860207485 (p2p-backend) [i] Skipping publish because no connections to peers
~*~ 2019-3-29 07:50:07 - 1553860207486 (p2p-backend) [i] undefined
~*~ 2019-3-29 07:50:07 - 1553860207486 (p2p-backend) [i] Skipping publish because no connections to peers
~*~ 2019-3-29 07:50:07 - 1553860207486 (p2p-backend) [i] undefined
~*~ 2019-3-29 07:50:07 - 1553860207487 (p2p-backend) [i] Skipping publish because no connections to peers
~*~ 2019-3-29 07:50:07 - 1553860207605 (p2p-backend) [i] string
~*~ 2019-3-29 07:50:07 - 1553860207605 (p2p-backend) [i] Skipping publish because no connections to peers
~*~ 2019-3-29 07:50:10 - 1553860210616 (p2p-backend) [i] string
~*~ 2019-3-29 07:50:10 - 1553860210617 (p2p-backend) [i] Skipping publish because no connections to peers
~*~ 2019-3-29 07:50:13 - 1553860213612 (p2p-backend) [i] undefined
~*~ 2019-3-29 07:50:13 - 1553860213612 (p2p-backend) [i] Skipping publish because no connections to peers
~*~ 2019-3-29 07:50:13 - 1553860213612 (p2p-backend) [i] undefined
~*~ 2019-3-29 07:50:13 - 1553860213613 (p2p-backend) [i] undefined
~*~ 2019-3-29 07:50:13 - 1553860213612 (p2p-backend) [i] Skipping publish because no connections to peers
~*~ 2019-3-29 07:50:13 - 1553860213613 (p2p-backend) [i] Skipping publish because no connections to peers
~*~ 2019-3-29 07:50:13 - 1553860213636 (p2p-backend) [i] string
~*~ 2019-3-29 07:50:13 - 1553860213638 (p2p-backend) [i] Skipping publish because no connections to peers
~*~ 2019-3-29 07:50:16 - 1553860216643 (p2p-backend) [i] string
~*~ 2019-3-29 07:50:16 - 1553860216644 (p2p-backend) [i] Skipping publish because no connections to peers
~*~ 2019-3-29 07:50:19 - 1553860219636 (p2p-backend) [i] undefined
~*~ 2019-3-29 07:50:19 - 1553860219636 (p2p-backend) [i] Skipping publish because no connections to peers
~*~ 2019-3-29 07:50:19 - 1553860219636 (p2p-backend) [i] undefined
~*~ 2019-3-29 07:50:19 - 1553860219637 (p2p-backend) [i] Skipping publish because no connections to peers
~*~ 2019-3-29 07:50:19 - 1553860219658 (p2p-backend) [i] string
~*~ 2019-3-29 07:50:19 - 1553860219658 (p2p-backend) [i] Skipping publish because no connections to peers
~*~ 2019-3-29 07:50:22 - 1553860222665 (p2p-backend) [i] string
~*~ 2019-3-29 07:50:22 - 1553860222666 (p2p-backend) [i] Skipping publish because no connections to peers
~*~ 2019-3-29 07:50:25 - 1553860225373 (p2p-backend) [i] undefined
~*~ 2019-3-29 07:50:25 - 1553860225374 (p2p-backend) [i] Skipping publish because no connections to peers
~*~ 2019-3-29 07:50:25 - 1553860225374 (p2p-backend) [i] undefined
~*~ 2019-3-29 07:50:25 - 1553860225375 (p2p-backend) [i] Skipping publish because no connections to peers
~*~ 2019-3-29 07:50:25 - 1553860225374 (p2p-backend) [i] undefined
~*~ 2019-3-29 07:50:25 - 1553860225373 (p2p-backend) [i] Skipping publish because no connections to peers
~*~ 2019-3-29 07:50:25 - 1553860225681 (p2p-backend) [i] string
~*~ 2019-3-29 07:50:25 - 1553860225681 (p2p-backend) [i] Skipping publish because no connections to peers
~*~ 2019-3-29 07:50:28 - 1553860228692 (p2p-backend) [i] string
~*~ 2019-3-29 07:50:28 - 1553860228692 (p2p-backend) [i] Skipping publish because no connections to peers
~*~ 2019-3-29 07:50:31 - 1553860231690 (p2p-backend) [i] undefined
~*~ 2019-3-29 07:50:31 - 1553860231690 (p2p-backend) [i] Skipping publish because no connections to peers
~*~ 2019-3-29 07:50:31 - 1553860231690 (p2p-backend) [i] undefined
~*~ 2019-3-29 07:50:31 - 1553860231690 (p2p-backend) [i] Skipping publish because no connections to peers
~*~ 2019-3-29 07:50:31 - 1553860231691 (p2p-backend) [i] undefined
~*~ 2019-3-29 07:50:31 - 1553860231691 (p2p-backend) [i] Skipping publish because no connections to peers
~*~ 2019-3-29 07:50:31 - 1553860231708 (p2p-backend) [i] string
~*~ 2019-3-29 07:50:31 - 1553860231708 (p2p-backend) [i] Skipping publish because no connections to peers
~*~ 2019-3-29 07:50:34 - 1553860234720 (p2p-backend) [i] string
~*~ 2019-3-29 07:50:34 - 1553860234720 (p2p-backend) [i] Skipping publish because no connections to peers
~*~ 2019-3-29 07:50:37 - 1553860237719 (p2p-backend) [i] undefined
~*~ 2019-3-29 07:50:37 - 1553860237721 (p2p-backend) [i] Skipping publish because no connections to peers
~*~ 2019-3-29 07:50:37 - 1553860237722 (p2p-backend) [i] undefined
~*~ 2019-3-29 07:50:37 - 1553860237723 (p2p-backend) [i] Skipping publish because no connections to peers
~*~ 2019-3-29 07:50:37 - 1553860237732 (p2p-backend) [i] string
~*~ 2019-3-29 07:50:37 - 1553860237732 (p2p-backend) [i] Skipping publish because no connections to peers
~*~ 2019-3-29 07:50:40 - 1553860240750 (p2p-backend) [i] string
~*~ 2019-3-29 07:50:40 - 1553860240752 (p2p-backend) [i] Skipping publish because no connections to peers
~*~ 2019-3-29 07:50:43 - 1553860243356 (p2p-backend) [i] undefined
~*~ 2019-3-29 07:50:43 - 1553860243357 (p2p-backend) [i] Skipping publish because no connections to peers
~*~ 2019-3-29 07:50:43 - 1553860243356 (p2p-backend) [i] Skipping publish because no connections to peers
~*~ 2019-3-29 07:50:43 - 1553860243357 (p2p-backend) [i] Skipping publish because no connections to peers
~*~ 2019-3-29 07:50:43 - 1553860243357 (p2p-backend) [i] undefined
~*~ 2019-3-29 07:50:43 - 1553860243357 (p2p-backend) [i] undefined
~*~ 2019-3-29 07:50:43 - 1553860243759 (p2p-backend) [i] string
~*~ 2019-3-29 07:50:43 - 1553860243759 (p2p-backend) [i] Skipping publish because no connections to peers
~*~ 2019-3-29 07:50:46 - 1553860246767 (p2p-backend) [i] string
~*~ 2019-3-29 07:50:46 - 1553860246767 (p2p-backend) [i] Skipping publish because no connections to peers
~*~ 2019-3-29 07:50:49 - 1553860249763 (p2p-backend) [i] undefined
~*~ 2019-3-29 07:50:49 - 1553860249764 (p2p-backend) [i] Skipping publish because no connections to peers
~*~ 2019-3-29 07:50:49 - 1553860249764 (p2p-backend) [i] undefined
~*~ 2019-3-29 07:50:49 - 1553860249765 (p2p-backend) [i] Skipping publish because no connections to peers
~*~ 2019-3-29 07:50:49 - 1553860249765 (p2p-backend) [i] undefined
~*~ 2019-3-29 07:50:49 - 1553860249765 (p2p-backend) [i] Skipping publish because no connections to peers
~*~ 2019-3-29 07:50:49 - 1553860249777 (p2p-backend) [i] string
~*~ 2019-3-29 07:50:49 - 1553860249778 (p2p-backend) [i] Skipping publish because no connections to peers
~*~ 2019-3-29 07:50:52 - 1553860252791 (p2p-backend) [i] string
~*~ 2019-3-29 07:50:52 - 1553860252791 (p2p-backend) [i] Skipping publish because no connections to peers
~*~ 2019-3-29 07:50:55 - 1553860255783 (p2p-backend) [i] undefined
~*~ 2019-3-29 07:50:55 - 1553860255783 (p2p-backend) [i] Skipping publish because no connections to peers
~*~ 2019-3-29 07:50:55 - 1553860255783 (p2p-backend) [i] undefined
~*~ 2019-3-29 07:50:55 - 1553860255784 (p2p-backend) [i] Skipping publish because no connections to peers
~*~ 2019-3-29 07:50:55 - 1553860255811 (p2p-backend) [i] string
~*~ 2019-3-29 07:50:55 - 1553860255812 (p2p-backend) [i] Skipping publish because no connections to peers
~*~ 2019-3-29 07:50:58 - 1553860258819 (p2p-backend) [i] string
~*~ 2019-3-29 07:50:58 - 1553860258819 (p2p-backend) [i] Skipping publish because no connections to peers
~*~ 2019-3-29 07:51:01 - 1553860261336 (p2p-backend) [i] undefined
~*~ 2019-3-29 07:51:01 - 1553860261336 (p2p-backend) [i] Skipping publish because no connections to peers
~*~ 2019-3-29 07:51:01 - 1553860261337 (p2p-backend) [i] Skipping publish because no connections to peers
~*~ 2019-3-29 07:51:01 - 1553860261336 (p2p-backend) [i] undefined
~*~ 2019-3-29 07:51:01 - 1553860261337 (p2p-backend) [i] Skipping publish because no connections to peers
~*~ 2019-3-29 07:51:01 - 1553860261337 (p2p-backend) [i] undefined
~*~ 2019-3-29 07:51:01 - 1553860261826 (p2p-backend) [i] string
~*~ 2019-3-29 07:51:01 - 1553860261826 (p2p-backend) [i] Skipping publish because no connections to peers
~*~ 2019-3-29 07:51:04 - 1553860264838 (p2p-backend) [i] string
~*~ 2019-3-29 07:51:04 - 1553860264838 (p2p-backend) [i] Skipping publish because no connections to peers
~*~ 2019-3-29 07:51:07 - 1553860267831 (p2p-backend) [i] undefined
~*~ 2019-3-29 07:51:07 - 1553860267831 (p2p-backend) [i] Skipping publish because no connections to peers
~*~ 2019-3-29 07:51:07 - 1553860267832 (p2p-backend) [i] Skipping publish because no connections to peers
~*~ 2019-3-29 07:51:07 - 1553860267832 (p2p-backend) [i] Skipping publish because no connections to peers
~*~ 2019-3-29 07:51:07 - 1553860267832 (p2p-backend) [i] undefined
~*~ 2019-3-29 07:51:07 - 1553860267831 (p2p-backend) [i] undefined
~*~ 2019-3-29 07:51:07 - 1553860267852 (p2p-backend) [i] string
~*~ 2019-3-29 07:51:07 - 1553860267853 (p2p-backend) [i] Skipping publish because no connections to peers
~*~ 2019-3-29 07:51:10 - 1553860270863 (p2p-backend) [i] string
~*~ 2019-3-29 07:51:10 - 1553860270863 (p2p-backend) [i] Skipping publish because no connections to peers
~*~ 2019-3-29 07:51:13 - 1553860273858 (p2p-backend) [i] undefined
~*~ 2019-3-29 07:51:13 - 1553860273859 (p2p-backend) [i] Skipping publish because no connections to peers
~*~ 2019-3-29 07:51:13 - 1553860273858 (p2p-backend) [i] undefined
~*~ 2019-3-29 07:51:13 - 1553860273858 (p2p-backend) [i] Skipping publish because no connections to peers
~*~ 2019-3-29 07:51:13 - 1553860273874 (p2p-backend) [i] string
~*~ 2019-3-29 07:51:13 - 1553860273874 (p2p-backend) [i] Skipping publish because no connections to peers
~*~ 2019-3-29 07:51:16 - 1553860276886 (p2p-backend) [i] string
~*~ 2019-3-29 07:51:16 - 1553860276886 (p2p-backend) [i] Skipping publish because no connections to peers
~*~ 2019-3-29 07:51:19 - 1553860279301 (p2p-backend) [i] undefined
~*~ 2019-3-29 07:51:19 - 1553860279301 (p2p-backend) [i] Skipping publish because no connections to peers
~*~ 2019-3-29 07:51:19 - 1553860279302 (p2p-backend) [i] Skipping publish because no connections to peers
~*~ 2019-3-29 07:51:19 - 1553860279301 (p2p-backend) [i] Skipping publish because no connections to peers
~*~ 2019-3-29 07:51:19 - 1553860279302 (p2p-backend) [i] undefined
~*~ 2019-3-29 07:51:19 - 1553860279301 (p2p-backend) [i] undefined
~*~ 2019-3-29 07:51:19 - 1553860279894 (p2p-backend) [i] string
~*~ 2019-3-29 07:51:19 - 1553860279895 (p2p-backend) [i] Skipping publish because no connections to peers
~*~ 2019-3-29 07:51:21 - 1553860281791 (n3h-bin) [i] n3h exited cleanly
~*~ 2019-3-29 07:51:47 - 1553860307690 (n3h-bin) [w] attempting read stdin
~*~ 2019-3-29 07:51:47 - 1553860307696 (n3h-bin) [w] got stdin config!
{"webproxy":{"connection":{"rsaBits":1024,"bind":["wss://0.0.0.0:5555/"]},"wssAdvertise":"wss://192.168.0.17:5555/","wssRelayPeers":null}}
~*~ 2019-3-29 07:51:47 - 1553860307700 (*n3hMode*) [i] @@ CONFIG @@
{
  "ipc": {
    "connection": {
      "rsaBits": 1024,
      "bind": [
        "wss://127.0.0.1:0/"
      ]
    }
  },
  "webproxy": {
    "connection": {
      "rsaBits": 1024,
      "bind": [
        "wss://0.0.0.0:5555/"
      ]
    },
    "wssAdvertise": "wss://192.168.0.17:5555/",
    "wssRelayPeers": null
  }
}
~*~ 2019-3-29 07:51:47 - 1553860307696 (n3h-bin) [i] executing mode HACK
~*~ 2019-3-29 07:51:47 - 1553860307788 (wss-server-utils) [i] loaded rsa fingerprint
7Tn89L0me1xWPuuYiOxVOZvgwV0=
~*~ 2019-3-29 07:51:47 - 1553860307842 (wss-connection) [i] listening at wss://127.0.0.1:57785/
~*~ 2019-3-29 07:51:47 - 1553860307845 (p2p-backend) [i] generating transport id seed from wssAdvertise hash
~*~ 2019-3-29 07:51:47 - 1553860307864 (p2p-backend) [i] peerId:
HcSCiIR8nx5m73Md5rAvHwsWYP9wvyzeg6Fr6yV3IsUR8d9zFnU9gyrrbd87pqz
~*~ 2019-3-29 07:51:47 - 1553860307975 (wss-server-utils) [i] loaded rsa fingerprint
7Tn89L0me1xWPuuYiOxVOZvgwV0=
~*~ 2019-3-29 07:51:47 - 1553860307989 (wss-connection) [i] listening at wss://169.254.58.63:5555/
~*~ 2019-3-29 07:51:47 - 1553860307991 (@hackmode@) [i] p2p bound
wss://192.168.0.17:5555/?a=HcSCiIR8nx5m73Md5rAvHwsWYP9wvyzeg6Fr6yV3IsUR8d9zFnU9gyrrbd87pqz
~*~ 2019-3-29 07:51:49 - 1553860309369 (p2p-backend) [i] string
~*~ 2019-3-29 07:51:49 - 1553860309370 (p2p-backend) [i] string
~*~ 2019-3-29 07:51:49 - 1553860309372 (p2p-backend) [i] string
~*~ 2019-3-29 07:51:49 - 1553860309373 (p2p-backend) [i] string
~*~ 2019-3-29 07:51:49 - 1553860309373 (p2p-backend) [i] string
~*~ 2019-3-29 07:51:49 - 1553860309370 (p2p-backend) [i] string
~*~ 2019-3-29 07:51:49 - 1553860309371 (p2p-backend) [i] string
~*~ 2019-3-29 07:51:50 - 1553860310200 (p2p-backend) [i] string
~*~ 2019-3-29 07:51:50 - 1553860310203 (p2p-backend) [i] string
~*~ 2019-3-29 07:51:53 - 1553860313211 (p2p-backend) [i] string
~*~ 2019-3-29 07:51:53 - 1553860313213 (p2p-backend) [i] string
~*~ 2019-3-29 07:51:56 - 1553860316220 (p2p-backend) [i] string
~*~ 2019-3-29 07:51:56 - 1553860316221 (p2p-backend) [i] string
~*~ 2019-3-29 07:51:58 - 1553860318693 (p2p-backend) [i] string
~*~ 2019-3-29 07:51:58 - 1553860318870 (p2p-backend) [i] string
~*~ 2019-3-29 07:51:59 - 1553860319219 (p2p-backend) [i] string
~*~ 2019-3-29 07:51:59 - 1553860319231 (p2p-backend) [i] string
~*~ 2019-3-29 07:51:59 - 1553860319232 (p2p-backend) [i] string
~*~ 2019-3-29 07:51:59 - 1553860319415 (p2p-backend) [i] string
~*~ 2019-3-29 07:51:59 - 1553860319433 (p2p-backend) [i] string
~*~ 2019-3-29 07:51:59 - 1553860319847 (p2p-backend) [i] string
~*~ 2019-3-29 07:51:59 - 1553860319942 (p2p-backend) [i] string
~*~ 2019-3-29 07:52:00 - 1553860320379 (p2p-backend) [i] string
~*~ 2019-3-29 07:52:00 - 1553860320478 (p2p-backend) [i] string
~*~ 2019-3-29 07:52:01 - 1553860321007 (p2p-backend) [i] string
~*~ 2019-3-29 07:52:01 - 1553860321010 (p2p-backend) [i] string
~*~ 2019-3-29 07:52:01 - 1553860321441 (p2p-backend) [i] string
~*~ 2019-3-29 07:52:01 - 1553860321542 (p2p-backend) [i] string
~*~ 2019-3-29 07:52:01 - 1553860321546 (p2p-backend) [i] string
~*~ 2019-3-29 07:52:02 - 1553860322072 (p2p-backend) [i] string
~*~ 2019-3-29 07:52:02 - 1553860322101 (p2p-backend) [i] string
~*~ 2019-3-29 07:52:02 - 1553860322634 (p2p-backend) [i] string
~*~ 2019-3-29 07:52:02 - 1553860322708 (p2p-backend) [i] string
~*~ 2019-3-29 07:52:03 - 1553860323184 (p2p-backend) [i] string
~*~ 2019-3-29 07:52:03 - 1553860323246 (p2p-backend) [i] string
~*~ 2019-3-29 07:52:03 - 1553860323770 (p2p-backend) [i] string
~*~ 2019-3-29 07:52:03 - 1553860323812 (p2p-backend) [i] string
~*~ 2019-3-29 07:52:04 - 1553860324372 (p2p-backend) [i] string
~*~ 2019-3-29 07:52:04 - 1553860324399 (p2p-backend) [i] string
~*~ 2019-3-29 07:52:04 - 1553860324461 (p2p-backend) [i] string
~*~ 2019-3-29 07:52:04 - 1553860324462 (p2p-backend) [i] string
~*~ 2019-3-29 07:52:04 - 1553860324928 (p2p-backend) [i] string
~*~ 2019-3-29 07:52:04 - 1553860324931 (p2p-backend) [i] string
~*~ 2019-3-29 07:52:05 - 1553860325450 (p2p-backend) [i] string
~*~ 2019-3-29 07:52:05 - 1553860325557 (p2p-backend) [i] string
~*~ 2019-3-29 07:52:05 - 1553860325982 (p2p-backend) [i] string
~*~ 2019-3-29 07:52:06 - 1553860326098 (p2p-backend) [i] string
~*~ 2019-3-29 07:52:06 - 1553860326469 (p2p-backend) [i] string
~*~ 2019-3-29 07:52:06 - 1553860326523 (p2p-backend) [i] string
~*~ 2019-3-29 07:52:06 - 1553860326662 (p2p-backend) [i] string
~*~ 2019-3-29 07:52:07 - 1553860327060 (p2p-backend) [i] string
~*~ 2019-3-29 07:52:07 - 1553860327193 (p2p-backend) [i] string
~*~ 2019-3-29 07:52:10 - 1553860330494 (p2p-backend) [i] string
~*~ 2019-3-29 07:52:10 - 1553860330495 (p2p-backend) [i] string
~*~ 2019-3-29 07:53:05 - 1553860385902 (n3h-bin) [w] attempting read stdin
~*~ 2019-3-29 07:53:05 - 1553860385907 (n3h-bin) [w] got stdin config!
{"webproxy":{"connection":{"rsaBits":1024,"bind":["wss://0.0.0.0:5555/"]},"wssAdvertise":"wss://192.168.0.17:5555/","wssRelayPeers":null}}
~*~ 2019-3-29 07:53:05 - 1553860385992 (wss-server-utils) [i] loaded rsa fingerprint
7Tn89L0me1xWPuuYiOxVOZvgwV0=
~*~ 2019-3-29 07:53:06 - 1553860386035 (p2p-backend) [i] generating transport id seed from wssAdvertise hash
~*~ 2019-3-29 07:53:06 - 1553860386041 (p2p-backend) [i] peerId:
HcSCiIR8nx5m73Md5rAvHwsWYP9wvyzeg6Fr6yV3IsUR8d9zFnU9gyrrbd87pqz
~*~ 2019-3-29 07:53:05 - 1553860385908 (n3h-bin) [i] executing mode HACK
~*~ 2019-3-29 07:53:05 - 1553860385912 (*n3hMode*) [i] @@ CONFIG @@
{
  "ipc": {
    "connection": {
      "rsaBits": 1024,
      "bind": [
        "wss://127.0.0.1:0/"
      ]
    }
  },
  "webproxy": {
    "connection": {
      "rsaBits": 1024,
      "bind": [
        "wss://0.0.0.0:5555/"
      ]
    },
    "wssAdvertise": "wss://192.168.0.17:5555/",
    "wssRelayPeers": null
  }
}
~*~ 2019-3-29 07:53:06 - 1553860386033 (wss-connection) [i] listening at wss://127.0.0.1:57921/
~*~ 2019-3-29 07:53:06 - 1553860386104 (wss-server-utils) [i] loaded rsa fingerprint
7Tn89L0me1xWPuuYiOxVOZvgwV0=
~*~ 2019-3-29 07:53:06 - 1553860386121 (wss-connection) [i] listening at wss://169.254.58.63:5555/
~*~ 2019-3-29 07:53:06 - 1553860386125 (@hackmode@) [i] p2p bound
wss://192.168.0.17:5555/?a=HcSCiIR8nx5m73Md5rAvHwsWYP9wvyzeg6Fr6yV3IsUR8d9zFnU9gyrrbd87pqz
~*~ 2019-3-29 07:53:33 - 1553860413268 (p2p-backend) [i] Skipping publish because no connections to peers
~*~ 2019-3-29 07:53:33 - 1553860413268 (p2p-backend) [i] Skipping publish because no connections to peers
~*~ 2019-3-29 07:53:33 - 1553860413268 (p2p-backend) [i] Skipping publish because no connections to peers
~*~ 2019-3-29 07:53:40 - 1553860420479 (p2p-backend) [i] Skipping publish because no connections to peers
~*~ 2019-3-29 07:53:40 - 1553860420480 (p2p-backend) [i] Skipping publish because no connections to peers
~*~ 2019-3-29 07:53:45 - 1553860425642 (p2p-backend) [i] Skipping publish because no connections to peers
~*~ 2019-3-29 07:53:45 - 1553860425642 (p2p-backend) [i] Skipping publish because no connections to peers
~*~ 2019-3-29 07:53:51 - 1553860431319 (p2p-backend) [i] Skipping publish because no connections to peers
~*~ 2019-3-29 07:53:51 - 1553860431320 (p2p-backend) [i] Skipping publish because no connections to peers
~*~ 2019-3-29 07:53:57 - 1553860437685 (p2p-backend) [i] Skipping publish because no connections to peers
~*~ 2019-3-29 07:53:57 - 1553860437685 (p2p-backend) [i] Skipping publish because no connections to peers
~*~ 2019-3-29 07:53:57 - 1553860437685 (p2p-backend) [i] Skipping publish because no connections to peers
~*~ 2019-3-29 07:54:05 - 1553860445706 (p2p-backend) [i] Skipping publish because no connections to peers
~*~ 2019-3-29 07:54:05 - 1553860445706 (p2p-backend) [i] Skipping publish because no connections to peers
~*~ 2019-3-29 07:54:05 - 1553860445707 (p2p-backend) [i] Skipping publish because no connections to peers
~*~ 2019-3-29 07:54:13 - 1553860453013 (p2p-backend) [i] Skipping publish because no connections to peers
~*~ 2019-3-29 07:54:13 - 1553860453013 (p2p-backend) [i] Skipping publish because no connections to peers
~*~ 2019-3-29 07:54:13 - 1553860453014 (p2p-backend) [i] Skipping publish because no connections to peers
~*~ 2019-3-29 07:54:20 - 1553860460197 (p2p-backend) [i] Skipping publish because no connections to peers
~*~ 2019-3-29 07:54:20 - 1553860460197 (p2p-backend) [i] Skipping publish because no connections to peers
~*~ 2019-3-29 07:54:25 - 1553860465991 (p2p-backend) [i] Skipping publish because no connections to peers
~*~ 2019-3-29 07:54:25 - 1553860465992 (p2p-backend) [i] Skipping publish because no connections to peers
~*~ 2019-3-29 07:54:31 - 1553860471024 (p2p-backend) [i] Skipping publish because no connections to peers
~*~ 2019-3-29 07:54:31 - 1553860471025 (p2p-backend) [i] Skipping publish because no connections to peers
~*~ 2019-3-29 07:54:38 - 1553860478032 (p2p-backend) [i] Skipping publish because no connections to peers
~*~ 2019-3-29 07:54:38 - 1553860478032 (p2p-backend) [i] Skipping publish because no connections to peers
~*~ 2019-3-29 07:54:43 - 1553860483252 (p2p-backend) [i] Skipping publish because no connections to peers
~*~ 2019-3-29 07:54:48 - 1553860488522 (p2p-backend) [i] Skipping publish because no connections to peers
~*~ 2019-3-29 07:54:49 - 1553860489273 (p2p-backend) [i] Skipping publish because no connections to peers
~*~ 2019-3-29 07:54:54 - 1553860494297 (p2p-backend) [i] Skipping publish because no connections to peers
~*~ 2019-3-29 07:54:55 - 1553860495158 (p2p-backend) [i] Skipping publish because no connections to peers
~*~ 2019-3-29 07:55:00 - 1553860500312 (p2p-backend) [i] Skipping publish because no connections to peers
~*~ 2019-3-29 07:55:04 - 1553860504523 (p2p-backend) [i] Skipping publish because no connections to peers
~*~ 2019-3-29 07:55:05 - 1553860505527 (p2p-backend) [i] Skipping publish because no connections to peers
~*~ 2019-3-29 07:55:09 - 1553860509540 (p2p-backend) [i] Skipping publish because no connections to peers
~*~ 2019-3-29 07:55:10 - 1553860510541 (p2p-backend) [i] Skipping publish because no connections to peers
~*~ 2019-3-29 07:55:14 - 1553860514558 (p2p-backend) [i] Skipping publish because no connections to peers
~*~ 2019-3-29 07:55:20 - 1553860520589 (p2p-backend) [i] Skipping publish because no connections to peers
~*~ 2019-3-29 07:55:24 - 1553860524609 (p2p-backend) [i] Skipping publish because no connections to peers
~*~ 2019-3-29 07:55:25 - 1553860525611 (p2p-backend) [i] Skipping publish because no connections to peers
~*~ 2019-3-29 07:55:25 - 1553860525890 (n3h-bin) [i] n3h exited cleanly
~*~ 2019-3-29 07:58:06 - 1553860686358 (n3h-bin) [w] attempting read stdin
~*~ 2019-3-29 07:58:06 - 1553860686366 (n3h-bin) [w] got stdin config!
{"webproxy":{"connection":{"rsaBits":1024,"bind":["wss://0.0.0.0:5555/"]},"wssAdvertise":"wss://192.168.0.17:5555/","wssRelayPeers":null}}
~*~ 2019-3-29 07:58:06 - 1553860686480 (wss-connection) [i] listening at wss://127.0.0.1:58457/
~*~ 2019-3-29 07:58:06 - 1553860686482 (p2p-backend) [i] generating transport id seed from wssAdvertise hash
~*~ 2019-3-29 07:58:06 - 1553860686485 (p2p-backend) [i] peerId:
HcSCiIR8nx5m73Md5rAvHwsWYP9wvyzeg6Fr6yV3IsUR8d9zFnU9gyrrbd87pqz
~*~ 2019-3-29 07:58:06 - 1553860686541 (wss-server-utils) [i] loaded rsa fingerprint
7Tn89L0me1xWPuuYiOxVOZvgwV0=
~*~ 2019-3-29 07:58:06 - 1553860686552 (wss-connection) [i] listening at wss://169.254.58.63:5555/
~*~ 2019-3-29 07:58:06 - 1553860686555 (@hackmode@) [i] p2p bound
wss://192.168.0.17:5555/?a=HcSCiIR8nx5m73Md5rAvHwsWYP9wvyzeg6Fr6yV3IsUR8d9zFnU9gyrrbd87pqz
~*~ 2019-3-29 07:58:06 - 1553860686366 (n3h-bin) [i] executing mode HACK
~*~ 2019-3-29 07:58:06 - 1553860686370 (*n3hMode*) [i] @@ CONFIG @@
{
  "ipc": {
    "connection": {
      "rsaBits": 1024,
      "bind": [
        "wss://127.0.0.1:0/"
      ]
    }
  },
  "webproxy": {
    "connection": {
      "rsaBits": 1024,
      "bind": [
        "wss://0.0.0.0:5555/"
      ]
    },
    "wssAdvertise": "wss://192.168.0.17:5555/",
    "wssRelayPeers": null
  }
}
~*~ 2019-3-29 07:58:06 - 1553860686447 (wss-server-utils) [i] loaded rsa fingerprint
7Tn89L0me1xWPuuYiOxVOZvgwV0=
~*~ 2019-3-29 07:58:23 - 1553860703138 (n3h-bin) [i] n3h exited cleanly
~*~ 2019-3-29 07:58:44 - 1553860724299 (n3h-bin) [w] attempting read stdin
~*~ 2019-3-29 07:58:44 - 1553860724304 (n3h-bin) [w] got stdin config!
{"webproxy":{"connection":{"rsaBits":1024,"bind":["wss://0.0.0.0:5555/"]},"wssAdvertise":"wss://192.168.0.17:5555/","wssRelayPeers":null}}
~*~ 2019-3-29 07:58:44 - 1553860724305 (n3h-bin) [i] executing mode HACK
~*~ 2019-3-29 07:58:44 - 1553860724307 (*n3hMode*) [i] @@ CONFIG @@
{
  "ipc": {
    "connection": {
      "rsaBits": 1024,
      "bind": [
        "wss://127.0.0.1:0/"
      ]
    }
  },
  "webproxy": {
    "connection": {
      "rsaBits": 1024,
      "bind": [
        "wss://0.0.0.0:5555/"
      ]
    },
    "wssAdvertise": "wss://192.168.0.17:5555/",
    "wssRelayPeers": null
  }
}
~*~ 2019-3-29 07:58:44 - 1553860724397 (wss-server-utils) [i] loaded rsa fingerprint
7Tn89L0me1xWPuuYiOxVOZvgwV0=
~*~ 2019-3-29 07:58:44 - 1553860724446 (wss-connection) [i] listening at wss://127.0.0.1:58545/
~*~ 2019-3-29 07:58:44 - 1553860724451 (p2p-backend) [i] generating transport id seed from wssAdvertise hash
~*~ 2019-3-29 07:58:44 - 1553860724455 (p2p-backend) [i] peerId:
HcSCiIR8nx5m73Md5rAvHwsWYP9wvyzeg6Fr6yV3IsUR8d9zFnU9gyrrbd87pqz
~*~ 2019-3-29 07:58:44 - 1553860724520 (wss-server-utils) [i] loaded rsa fingerprint
7Tn89L0me1xWPuuYiOxVOZvgwV0=
~*~ 2019-3-29 07:58:44 - 1553860724524 (wss-connection) [i] listening at wss://169.254.58.63:5555/
~*~ 2019-3-29 07:58:44 - 1553860724527 (@hackmode@) [i] p2p bound
wss://192.168.0.17:5555/?a=HcSCiIR8nx5m73Md5rAvHwsWYP9wvyzeg6Fr6yV3IsUR8d9zFnU9gyrrbd87pqz
~*~ 2019-3-29 07:59:24 - 1553860764510 (p2p-backend) [i] Skipping publish because no connections to peers
~*~ 2019-3-29 07:59:24 - 1553860764511 (p2p-backend) [i] Skipping publish because no connections to peers
~*~ 2019-3-29 07:59:31 - 1553860771708 (p2p-backend) [i] Skipping publish because no connections to peers
~*~ 2019-3-29 07:59:31 - 1553860771708 (p2p-backend) [i] Skipping publish because no connections to peers
~*~ 2019-3-29 07:59:36 - 1553860776740 (p2p-backend) [i] Skipping publish because no connections to peers
~*~ 2019-3-29 07:59:36 - 1553860776740 (p2p-backend) [i] Skipping publish because no connections to peers
~*~ 2019-3-29 07:59:42 - 1553860782528 (p2p-backend) [i] Skipping publish because no connections to peers
~*~ 2019-3-29 07:59:42 - 1553860782529 (p2p-backend) [i] Skipping publish because no connections to peers
~*~ 2019-3-29 07:59:48 - 1553860788987 (p2p-backend) [i] Skipping publish because no connections to peers
~*~ 2019-3-29 07:59:48 - 1553860788987 (p2p-backend) [i] Skipping publish because no connections to peers
~*~ 2019-3-29 07:59:48 - 1553860788987 (p2p-backend) [i] Skipping publish because no connections to peers
~*~ 2019-3-29 07:59:56 - 1553860796902 (p2p-backend) [i] Skipping publish because no connections to peers
~*~ 2019-3-29 07:59:56 - 1553860796903 (p2p-backend) [i] Skipping publish because no connections to peers
~*~ 2019-3-29 07:59:56 - 1553860796903 (p2p-backend) [i] Skipping publish because no connections to peers
